This is pdfTeX, Version 3.141592653-2.6-1.40.25 (TeX Live 2023) (preloaded format=pdflatex 2023.4.22)  25 SEP 2024 11:27
entering extended mode
 restricted \write18 enabled.
 file:line:error style messages enabled.
 %&-line parsing enabled.
**d:/School_files/CV/proj1_student/CV1_proj1.tex
(d:/School_files/CV/proj1_student/CV1_proj1.tex
LaTeX2e <2022-11-01> patch level 1
L3 programming layer <2023-02-22> (c:/texlive/2023/texmf-dist/tex/latex/base/article.cls
Document Class: article 2022/07/02 v1.4n Standard LaTeX document class
(c:/texlive/2023/texmf-dist/tex/latex/base/size11.clo
File: size11.clo 2022/07/02 v1.4n Standard LaTeX file (size option)
)
\c@part=\count185
\c@section=\count186
\c@subsection=\count187
\c@subsubsection=\count188
\c@paragraph=\count189
\c@subparagraph=\count190
\c@figure=\count191
\c@table=\count192
\abovecaptionskip=\skip48
\belowcaptionskip=\skip49
\bibindent=\dimen140
) (c:/texlive/2023/texmf-dist/tex/latex/xcolor/xcolor.sty
Package: xcolor 2022/06/12 v2.14 LaTeX color extensions (UK)
 (c:/texlive/2023/texmf-dist/tex/latex/graphics-cfg/color.cfg
File: color.cfg 2016/01/02 v1.6 sample color configuration
)
Package xcolor Info: Driver file: pdftex.def on input line 227.
 (c:/texlive/2023/texmf-dist/tex/latex/graphics-def/pdftex.def
File: pdftex.def 2022/09/22 v1.2b Graphics/color driver for pdftex
) (c:/texlive/2023/texmf-dist/tex/latex/graphics/mathcolor.ltx)
Package xcolor Info: Model `cmy' substituted by `cmy0' on input line 1353.
Package xcolor Info: Model `hsb' substituted by `rgb' on input line 1357.
Package xcolor Info: Model `RGB' extended on input line 1369.
Package xcolor Info: Model `HTML' substituted by `rgb' on input line 1371.
Package xcolor Info: Model `Hsb' substituted by `hsb' on input line 1372.
Package xcolor Info: Model `tHsb' substituted by `hsb' on input line 1373.
Package xcolor Info: Model `HSB' substituted by `hsb' on input line 1374.
Package xcolor Info: Model `Gray' substituted by `gray' on input line 1375.
Package xcolor Info: Model `wave' substituted by `hsb' on input line 1376.
) (c:/texlive/2023/texmf-dist/tex/latex/graphics/graphicx.sty
Package: graphicx 2021/09/16 v1.2d Enhanced LaTeX Graphics (DPC,SPQR)
 (c:/texlive/2023/texmf-dist/tex/latex/graphics/keyval.sty
Package: keyval 2022/05/29 v1.15 key=value parser (DPC)
\KV@toks@=\toks16
) (c:/texlive/2023/texmf-dist/tex/latex/graphics/graphics.sty
Package: graphics 2022/03/10 v1.4e Standard LaTeX Graphics (DPC,SPQR)
 (c:/texlive/2023/texmf-dist/tex/latex/graphics/trig.sty
Package: trig 2021/08/11 v1.11 sin cos tan (DPC)
) (c:/texlive/2023/texmf-dist/tex/latex/graphics-cfg/graphics.cfg
File: graphics.cfg 2016/06/04 v1.11 sample graphics configuration
)
Package graphics Info: Driver file: pdftex.def on input line 107.
)
\Gin@req@height=\dimen141
\Gin@req@width=\dimen142
) (c:/texlive/2023/texmf-dist/tex/latex/subfigure/subfigure.sty
Package: subfigure 2002/03/15 v2.1.5 subfigure package
\subfigtopskip=\skip50
\subfigcapskip=\skip51
\subfigcaptopadj=\dimen143
\subfigbottomskip=\skip52
\subfigcapmargin=\dimen144
\subfiglabelskip=\skip53
\c@subfigure=\count193
\c@lofdepth=\count194
\c@subtable=\count195
\c@lotdepth=\count196

****************************************
* Local config file subfigure.cfg used *
****************************************
(c:/texlive/2023/texmf-dist/tex/latex/subfigure/subfigure.cfg)
\subfig@top=\skip54
\subfig@bottom=\skip55
) (c:/texlive/2023/texmf-dist/tex/latex/realboxes/realboxes.sty
Package: realboxes 2011/08/08 v0.2 Change box commands to read there content as real boxes
 (c:/texlive/2023/texmf-dist/tex/latex/collectbox/collectbox.sty
Package: collectbox 2022/10/17 v0.4c Collect macro arguments as boxes
\collectedbox=\box51
) (c:/texlive/2023/texmf-dist/tex/latex/adjustbox/adjcalc.sty
Package: adjcalc 2012/05/16 v1.1 Provides advanced setlength with multiple back-ends (calc, etex, pgfmath)
 (c:/texlive/2023/texmf-dist/tex/latex/xkeyval/xkeyval.sty
Package: xkeyval 2022/06/16 v2.9 package option processing (HA)
 (c:/texlive/2023/texmf-dist/tex/generic/xkeyval/xkeyval.tex (c:/texlive/2023/texmf-dist/tex/generic/xkeyval/xkvutils.tex
\XKV@toks=\toks17
\XKV@tempa@toks=\toks18
)
\XKV@depth=\count197
File: xkeyval.tex 2014/12/03 v2.7a key=value parser (HA)
)))) (c:/texlive/2023/texmf-dist/tex/latex/l3backend/l3backend-pdftex.def
File: l3backend-pdftex.def 2023-01-16 L3 backend support: PDF output (pdfTeX)
\l__color_backend_stack_int=\count198
\l__pdf_internal_box=\box52
) (./CV1_proj1.aux)
\openout1 = `CV1_proj1.aux'.

LaTeX Font Info:    Checking defaults for OML/cmm/m/it on input line 16.
LaTeX Font Info:    ... okay on input line 16.
LaTeX Font Info:    Checking defaults for OMS/cmsy/m/n on input line 16.
LaTeX Font Info:    ... okay on input line 16.
LaTeX Font Info:    Checking defaults for OT1/cmr/m/n on input line 16.
LaTeX Font Info:    ... okay on input line 16.
LaTeX Font Info:    Checking defaults for T1/cmr/m/n on input line 16.
LaTeX Font Info:    ... okay on input line 16.
LaTeX Font Info:    Checking defaults for TS1/cmr/m/n on input line 16.
LaTeX Font Info:    ... okay on input line 16.
LaTeX Font Info:    Checking defaults for OMX/cmex/m/n on input line 16.
LaTeX Font Info:    ... okay on input line 16.
LaTeX Font Info:    Checking defaults for U/cmr/m/n on input line 16.
LaTeX Font Info:    ... okay on input line 16.
 (c:/texlive/2023/texmf-dist/tex/context/base/mkii/supp-pdf.mkii
[Loading MPS to PDF converter (version 2006.09.02).]
\scratchcounter=\count199
\scratchdimen=\dimen145
\scratchbox=\box53
\nofMPsegments=\count266
\nofMParguments=\count267
\everyMPshowfont=\toks19
\MPscratchCnt=\count268
\MPscratchDim=\dimen146
\MPnumerator=\count269
\makeMPintoPDFobject=\count270
\everyMPtoPDFconversion=\toks20
) (c:/texlive/2023/texmf-dist/tex/latex/epstopdf-pkg/epstopdf-base.sty
Package: epstopdf-base 2020-01-24 v2.11 Base part for package epstopdf
Package epstopdf-base Info: Redefining graphics rule for `.eps' on input line 485.
 (c:/texlive/2023/texmf-dist/tex/latex/latexconfig/epstopdf-sys.cfg
File: epstopdf-sys.cfg 2010/07/13 v1.3 Configuration of (r)epstopdf for TeX Live
)) [1

{c:/texlive/2023/texmf-var/fonts/map/pdftex/updmap/pdftex.map}]
LaTeX Font Info:    External font `cmex10' loaded for size
(Font)              <10.95> on input line 45.
LaTeX Font Info:    External font `cmex10' loaded for size
(Font)              <8> on input line 45.
LaTeX Font Info:    External font `cmex10' loaded for size
(Font)              <6> on input line 45.
<pro1_result/downsampled_histogram/original_setA.png, id=9, 462.528pt x 346.896pt>
File: pro1_result/downsampled_histogram/original_setA.png Graphic file (type png)
<use pro1_result/downsampled_histogram/original_setA.png>
Package pdftex.def Info: pro1_result/downsampled_histogram/original_setA.png  used on input line 56.
(pdftex.def)             Requested size: 115.63171pt x 86.72379pt.
<pro1_result/downsampled_histogram/original_setB.png, id=11, 462.528pt x 346.896pt>
File: pro1_result/downsampled_histogram/original_setB.png Graphic file (type png)
<use pro1_result/downsampled_histogram/original_setB.png>
Package pdftex.def Info: pro1_result/downsampled_histogram/original_setB.png  used on input line 59.
(pdftex.def)             Requested size: 115.63171pt x 86.72379pt.
<pro1_result/downsampled_histogram/original_setC.png, id=12, 462.528pt x 346.896pt>
File: pro1_result/downsampled_histogram/original_setC.png Graphic file (type png)
<use pro1_result/downsampled_histogram/original_setC.png>
Package pdftex.def Info: pro1_result/downsampled_histogram/original_setC.png  used on input line 62.
(pdftex.def)             Requested size: 115.63171pt x 86.72379pt.
<pro1_result/log_histogram/setA.png, id=13, 462.528pt x 346.896pt>
File: pro1_result/log_histogram/setA.png Graphic file (type png)
<use pro1_result/log_histogram/setA.png>
Package pdftex.def Info: pro1_result/log_histogram/setA.png  used on input line 69.
(pdftex.def)             Requested size: 115.63171pt x 86.72379pt.
<pro1_result/log_histogram/setB.png, id=14, 462.528pt x 346.896pt>
File: pro1_result/log_histogram/setB.png Graphic file (type png)
<use pro1_result/log_histogram/setB.png>
Package pdftex.def Info: pro1_result/log_histogram/setB.png  used on input line 72.
(pdftex.def)             Requested size: 115.63171pt x 86.72379pt.
<pro1_result/log_histogram/setC.png, id=15, 462.528pt x 346.896pt>
File: pro1_result/log_histogram/setC.png Graphic file (type png)
<use pro1_result/log_histogram/setC.png>
Package pdftex.def Info: pro1_result/log_histogram/setC.png  used on input line 75.
(pdftex.def)             Requested size: 115.63171pt x 86.72379pt.
 [2

 <./pro1_result/downsampled_histogram/original_setA.png> <./pro1_result/downsampled_histogram/original_setB.png> <./pro1_result/downsampled_histogram/original_setC.png> <./pro1_result/log_histogram/setA.png> <./pro1_result/log_histogram/setB.png> <./pro1_result/log_histogram/setC.png>]
<pro1_result/histogram/setA.png, id=29, 462.528pt x 346.896pt>
File: pro1_result/histogram/setA.png Graphic file (type png)
<use pro1_result/histogram/setA.png>
Package pdftex.def Info: pro1_result/histogram/setA.png  used on input line 109.
(pdftex.def)             Requested size: 115.63171pt x 86.72379pt.
<pro1_result/histogram/setB.png, id=30, 462.528pt x 346.896pt>
File: pro1_result/histogram/setB.png Graphic file (type png)
<use pro1_result/histogram/setB.png>
Package pdftex.def Info: pro1_result/histogram/setB.png  used on input line 112.
(pdftex.def)             Requested size: 115.63171pt x 86.72379pt.
<pro1_result/histogram/setC.png, id=31, 462.528pt x 346.896pt>
File: pro1_result/histogram/setC.png Graphic file (type png)
<use pro1_result/histogram/setC.png>
Package pdftex.def Info: pro1_result/histogram/setC.png  used on input line 115.
(pdftex.def)             Requested size: 115.63171pt x 86.72379pt.
<pro1_result/histogram/setA_with Gaussian.png, id=32, 462.528pt x 346.896pt>
File: pro1_result/histogram/setA_with Gaussian.png Graphic file (type png)
<use pro1_result/histogram/setA_with Gaussian.png>
Package pdftex.def Info: pro1_result/histogram/setA_with Gaussian.png  used on input line 137.
(pdftex.def)             Requested size: 115.63171pt x 86.72379pt.
<pro1_result/histogram/setB_with Gaussian.png, id=33, 462.528pt x 346.896pt>
File: pro1_result/histogram/setB_with Gaussian.png Graphic file (type png)
<use pro1_result/histogram/setB_with Gaussian.png>
Package pdftex.def Info: pro1_result/histogram/setB_with Gaussian.png  used on input line 140.
(pdftex.def)             Requested size: 115.63171pt x 86.72379pt.
<pro1_result/histogram/setC_with Gaussian.png, id=34, 462.528pt x 346.896pt>
File: pro1_result/histogram/setC_with Gaussian.png Graphic file (type png)
<use pro1_result/histogram/setC_with Gaussian.png>
Package pdftex.def Info: pro1_result/histogram/setC_with Gaussian.png  used on input line 143.
(pdftex.def)             Requested size: 115.63171pt x 86.72379pt.


LaTeX Warning: `h' float specifier changed to `ht'.

<pro1_result/downsampled_histogram/composed_setA.png, id=35, 462.528pt x 346.896pt>
File: pro1_result/downsampled_histogram/composed_setA.png Graphic file (type png)
<use pro1_result/downsampled_histogram/composed_setA.png>
Package pdftex.def Info: pro1_result/downsampled_histogram/composed_setA.png  used on input line 155.
(pdftex.def)             Requested size: 115.63171pt x 86.72379pt.
<pro1_result/downsampled_histogram/composed_setB.png, id=36, 462.528pt x 346.896pt>
File: pro1_result/downsampled_histogram/composed_setB.png Graphic file (type png)
<use pro1_result/downsampled_histogram/composed_setB.png>
Package pdftex.def Info: pro1_result/downsampled_histogram/composed_setB.png  used on input line 158.
(pdftex.def)             Requested size: 115.63171pt x 86.72379pt.
<pro1_result/downsampled_histogram/composed_setC.png, id=37, 462.528pt x 346.896pt>
File: pro1_result/downsampled_histogram/composed_setC.png Graphic file (type png)
<use pro1_result/downsampled_histogram/composed_setC.png>
Package pdftex.def Info: pro1_result/downsampled_histogram/composed_setC.png  used on input line 161.
(pdftex.def)             Requested size: 115.63171pt x 86.72379pt.
<pro1_result/downsampled_histogram/composed_log_setA.png, id=38, 462.528pt x 346.896pt>
File: pro1_result/downsampled_histogram/composed_log_setA.png Graphic file (type png)
<use pro1_result/downsampled_histogram/composed_log_setA.png>
Package pdftex.def Info: pro1_result/downsampled_histogram/composed_log_setA.png  used on input line 168.
(pdftex.def)             Requested size: 115.63171pt x 86.72379pt.
<pro1_result/downsampled_histogram/composed_log_setB.png, id=39, 462.528pt x 346.896pt>
File: pro1_result/downsampled_histogram/composed_log_setB.png Graphic file (type png)
<use pro1_result/downsampled_histogram/composed_log_setB.png>
Package pdftex.def Info: pro1_result/downsampled_histogram/composed_log_setB.png  used on input line 171.
(pdftex.def)             Requested size: 115.63171pt x 86.72379pt.
<pro1_result/downsampled_histogram/composed_log_setC.png, id=40, 462.528pt x 346.896pt>
File: pro1_result/downsampled_histogram/composed_log_setC.png Graphic file (type png)
<use pro1_result/downsampled_histogram/composed_log_setC.png>
Package pdftex.def Info: pro1_result/downsampled_histogram/composed_log_setC.png  used on input line 174.
(pdftex.def)             Requested size: 115.63171pt x 86.72379pt.

LaTeX Warning: `h' float specifier changed to `ht'.


LaTeX Warning: `h' float specifier changed to `ht'.

[3 <./pro1_result/histogram/setA.png> <./pro1_result/histogram/setB.png> <./pro1_result/histogram/setC.png>] [4 <./pro1_result/histogram/setA_with Gaussian.png> <./pro1_result/histogram/setB_with Gaussian.png> <./pro1_result/histogram/setC_with Gaussian.png> <./pro1_result/downsampled_histogram/composed_setA.png> <./pro1_result/downsampled_histogram/composed_setB.png> <./pro1_result/downsampled_histogram/composed_setC.png> <./pro1_result/downsampled_histogram/composed_log_setA.png> <./pro1_result/downsampled_histogram/composed_log_setB.png> <./pro1_result/downsampled_histogram/composed_log_setC.png>]
<pro2_result/f1_law.jpg, id=62, 377.9721pt x 299.9205pt>
File: pro2_result/f1_law.jpg Graphic file (type jpg)
<use pro2_result/f1_law.jpg>
Package pdftex.def Info: pro2_result/f1_law.jpg  used on input line 193.
(pdftex.def)             Requested size: 188.98558pt x 149.95987pt.
<pro2_result/S_f0.jpg, id=63, 380.8629pt x 299.9205pt>
File: pro2_result/S_f0.jpg Graphic file (type jpg)
<use pro2_result/S_f0.jpg>
Package pdftex.def Info: pro2_result/S_f0.jpg  used on input line 205.
(pdftex.def)             Requested size: 190.43097pt x 149.95987pt.
 [5

 <./pro2_result/f1_law.jpg>] [6 <./pro2_result/S_f0.jpg>]
<pro3_result/1024.png, id=71, 1027.84pt x 1027.84pt>
File: pro3_result/1024.png Graphic file (type png)
<use pro3_result/1024.png>
Package pdftex.def Info: pro3_result/1024.png  used on input line 224.
(pdftex.def)             Requested size: 256.95937pt x 256.95937pt.
<pro3_result/512.png, id=72, 513.92pt x 513.92pt>
File: pro3_result/512.png Graphic file (type png)
<use pro3_result/512.png>
Package pdftex.def Info: pro3_result/512.png  used on input line 235.
(pdftex.def)             Requested size: 128.47968pt x 128.47968pt.
LaTeX Font Info:    External font `cmex10' loaded for size
(Font)              <9> on input line 235.
LaTeX Font Info:    External font `cmex10' loaded for size
(Font)              <5> on input line 235.
<pro3_result/256.png, id=73, 256.96pt x 256.96pt>
File: pro3_result/256.png Graphic file (type png)
<use pro3_result/256.png>
Package pdftex.def Info: pro3_result/256.png  used on input line 238.
(pdftex.def)             Requested size: 128.47968pt x 128.47968pt.


LaTeX Warning: `h' float specifier changed to `ht'.

[7

 <./pro3_result/1024.png (PNG copy)>]
<pro3_result/crop/1024crop0.png, id=78, 128.48pt x 128.48pt>
File: pro3_result/crop/1024crop0.png Graphic file (type png)
<use pro3_result/crop/1024crop0.png>
Package pdftex.def Info: pro3_result/crop/1024crop0.png  used on input line 249.
(pdftex.def)             Requested size: 128.47968pt x 128.47968pt.
<pro3_result/crop/512crop0.png, id=79, 128.48pt x 128.48pt>
File: pro3_result/crop/512crop0.png Graphic file (type png)
<use pro3_result/crop/512crop0.png>
Package pdftex.def Info: pro3_result/crop/512crop0.png  used on input line 252.
(pdftex.def)             Requested size: 128.47968pt x 128.47968pt.
<pro3_result/crop/256crop0.png, id=80, 128.48pt x 128.48pt>
File: pro3_result/crop/256crop0.png Graphic file (type png)
<use pro3_result/crop/256crop0.png>
Package pdftex.def Info: pro3_result/crop/256crop0.png  used on input line 255.
(pdftex.def)             Requested size: 128.47968pt x 128.47968pt.
<pro3_result/crop/1024crop1.png, id=81, 128.48pt x 128.48pt>
File: pro3_result/crop/1024crop1.png Graphic file (type png)
<use pro3_result/crop/1024crop1.png>
Package pdftex.def Info: pro3_result/crop/1024crop1.png  used on input line 259.
(pdftex.def)             Requested size: 128.47968pt x 128.47968pt.
<pro3_result/crop/512crop1.png, id=82, 128.48pt x 128.48pt>
File: pro3_result/crop/512crop1.png Graphic file (type png)
<use pro3_result/crop/512crop1.png>
Package pdftex.def Info: pro3_result/crop/512crop1.png  used on input line 262.
(pdftex.def)             Requested size: 128.47968pt x 128.47968pt.
<pro3_result/crop/256crop1.png, id=83, 128.48pt x 128.48pt>
File: pro3_result/crop/256crop1.png Graphic file (type png)
<use pro3_result/crop/256crop1.png>
Package pdftex.def Info: pro3_result/crop/256crop1.png  used on input line 265.
(pdftex.def)             Requested size: 128.47968pt x 128.47968pt.


LaTeX Warning: `h' float specifier changed to `ht'.

[8 <./pro3_result/512.png (PNG copy)> <./pro3_result/256.png (PNG copy)>] [9 <./pro3_result/crop/1024crop0.png (PNG copy)> <./pro3_result/crop/512crop0.png (PNG copy)> <./pro3_result/crop/256crop0.png (PNG copy)> <./pro3_result/crop/1024crop1.png (PNG copy)> <./pro3_result/crop/512crop1.png (PNG copy)> <./pro3_result/crop/256crop1.png (PNG copy)>] (./CV1_proj1.aux) ) 
Here is how much of TeX's memory you used:
 2609 strings out of 476025
 46021 string characters out of 5794015
 1861382 words of memory out of 5000000
 23026 multiletter control sequences out of 15000+600000
 516592 words of font info for 46 fonts, out of 8000000 for 9000
 1141 hyphenation exceptions out of 8191
 58i,10n,62p,960b,420s stack positions out of 10000i,1000n,20000p,200000b,200000s
<c:/texlive/2023/texmf-dist/fonts/type1/public/amsfonts/cm/cmbx10.pfb><c:/texlive/2023/texmf-dist/fonts/type1/public/amsfonts/cm/cmex10.pfb><c:/texlive/2023/texmf-dist/fonts/type1/public/amsfonts/cm/cmmi10.pfb><c:/texlive/2023/texmf-dist/fonts/type1/public/amsfonts/cm/cmmi6.pfb><c:/texlive/2023/texmf-dist/fonts/type1/public/amsfonts/cm/cmmi8.pfb><c:/texlive/2023/texmf-dist/fonts/type1/public/amsfonts/cm/cmr10.pfb><c:/texlive/2023/texmf-dist/fonts/type1/public/amsfonts/cm/cmr8.pfb><c:/texlive/2023/texmf-dist/fonts/type1/public/amsfonts/cm/cmr9.pfb><c:/texlive/2023/texmf-dist/fonts/type1/public/amsfonts/cm/cmsy10.pfb><c:/texlive/2023/texmf-dist/fonts/type1/public/amsfonts/cm/cmsy8.pfb><c:/texlive/2023/texmf-dist/fonts/type1/public/amsfonts/cm/cmsy9.pfb><c:/texlive/2023/texmf-dist/fonts/type1/public/amsfonts/cm/cmti10.pfb>
Output written on CV1_proj1.pdf (9 pages, 613657 bytes).
PDF statistics:
 142 PDF objects out of 1000 (max. 8388607)
 59 compressed objects within 1 object stream
 0 named destinations out of 1000 (max. 500000)
 146 words of extra memory for PDF output out of 10000 (max. 10000000)

