[2024-12-25 22:11:43,676][__main__][INFO] - Namespace(beta1=0.5, beta2=0.999, gamma=0.996, img_size=128, langevin_num_steps=120, langevin_step_size=0.05, lr=0.0004, mse_sigma=1, n_epochs=2000, n_log=100, n_plot=200, n_stats=100, ninterp=12, nz=2, prior_sigma=1, seed=1, start='cold')
[2024-12-25 22:12:39,714][__main__][INFO] - Epoch  100: Loss = 0.02, z_mean = [0.70587146 1.0488889 ], z_std = [4.185675  4.7064247]
[2024-12-25 22:13:29,990][__main__][INFO] - Epoch  200: Loss = 0.02, z_mean = [ 2.1417115  -0.39904723], z_std = [5.943488  5.2266674]
[2024-12-25 22:14:19,187][__main__][INFO] - Epoch  300: Loss = 0.01, z_mean = [ 1.3184274 -0.5648697], z_std = [5.31648   4.5252676]
[2024-12-25 22:15:08,625][__main__][INFO] - Epoch  400: Loss = 0.01, z_mean = [ 0.20540044 -2.31593   ], z_std = [5.027518  4.8693614]
[2024-12-25 22:15:59,040][__main__][INFO] - Epoch  500: Loss = 0.01, z_mean = [-0.9922019 -0.9435875], z_std = [4.6939754 6.349715 ]
[2024-12-25 22:16:49,553][__main__][INFO] - Epoch  600: Loss = 0.01, z_mean = [-0.6030306 -0.8580407], z_std = [4.294442  5.9260454]
[2024-12-25 22:17:41,120][__main__][INFO] - Epoch  700: Loss = 0.01, z_mean = [-0.7991241  -0.76056176], z_std = [4.6720724 5.8018947]
[2024-12-25 22:18:32,163][__main__][INFO] - Epoch  800: Loss = 0.01, z_mean = [-0.77963924 -0.7134493 ], z_std = [4.5717278 5.4481025]
[2024-12-25 22:19:24,284][__main__][INFO] - Epoch  900: Loss = 0.01, z_mean = [-0.8638965  -0.76018906], z_std = [4.8592696 6.0080805]
[2024-12-25 22:20:15,630][__main__][INFO] - Epoch 1000: Loss = 0.01, z_mean = [-0.9075626 -1.0040438], z_std = [4.568068 6.429908]
[2024-12-25 22:21:07,095][__main__][INFO] - Epoch 1100: Loss = 0.01, z_mean = [-0.66880023 -0.7796475 ], z_std = [4.8466635 5.764684 ]
[2024-12-25 22:21:58,078][__main__][INFO] - Epoch 1200: Loss = 0.01, z_mean = [-0.46907586 -1.1482044 ], z_std = [4.8852534 5.8909492]
[2024-12-25 22:22:50,294][__main__][INFO] - Epoch 1300: Loss = 0.01, z_mean = [-1.1640462e-03 -1.2030258e+00], z_std = [4.685557  6.7245493]
[2024-12-25 22:23:45,342][__main__][INFO] - Epoch 1400: Loss = 0.01, z_mean = [-0.3580428  -0.68845254], z_std = [4.417767 6.144049]
[2024-12-25 22:24:38,096][__main__][INFO] - Epoch 1500: Loss = 0.01, z_mean = [-0.8967635 -1.0165527], z_std = [4.127724 6.021982]
[2024-12-25 22:25:30,110][__main__][INFO] - Epoch 1600: Loss = 0.01, z_mean = [-0.75497293 -1.1095344 ], z_std = [4.2251005 6.3013287]
[2024-12-25 22:26:22,210][__main__][INFO] - Epoch 1700: Loss = 0.01, z_mean = [-0.7011316 -1.1261059], z_std = [4.342204 6.37978 ]
[2024-12-25 22:27:14,210][__main__][INFO] - Epoch 1800: Loss = 0.01, z_mean = [-0.44836783 -0.83147556], z_std = [4.5822935 6.2258487]
[2024-12-25 22:28:07,176][__main__][INFO] - Epoch 1900: Loss = 0.01, z_mean = [-0.6621094 -1.1534489], z_std = [4.1169    6.2844634]
[2024-12-25 22:29:05,710][__main__][INFO] - Epoch 2000: Loss = 0.02, z_mean = [ 0.44395292 -1.0141737 ], z_std = [5.558499  6.4550395]
