[2024-12-08 17:04:21,487][__main__][INFO] - Epoch 20  : f_diff = 40015316.00000, f_tgt = 49475136.00000, f_syn = 9459820.00000
[2024-12-08 17:04:26,394][__main__][INFO] - Epoch 40  : f_diff = 24103248.00000, f_tgt = 255135712.00000, f_syn = 231032464.00000
[2024-12-08 17:04:31,306][__main__][INFO] - Epoch 60  : f_diff = 3554464.00000, f_tgt = 288359072.00000, f_syn = 284804608.00000
[2024-12-08 17:04:36,230][__main__][INFO] - Epoch 80  : f_diff = -308160.00000, f_tgt = 296591808.00000, f_syn = 296899968.00000
[2024-12-08 17:04:41,154][__main__][INFO] - Epoch 100 : f_diff = -34912.00000, f_tgt = 298303168.00000, f_syn = 298338080.00000
[2024-12-08 17:04:46,121][__main__][INFO] - Epoch 120 : f_diff = 80384.00000, f_tgt = 299523200.00000, f_syn = 299442816.00000
[2024-12-08 17:04:51,130][__main__][INFO] - Epoch 140 : f_diff = 9408.00000, f_tgt = 300627456.00000, f_syn = 300618048.00000
[2024-12-08 17:04:56,145][__main__][INFO] - Epoch 160 : f_diff = -13760.00000, f_tgt = 301564768.00000, f_syn = 301578528.00000
[2024-12-08 17:05:01,181][__main__][INFO] - Epoch 180 : f_diff = -29632.00000, f_tgt = 302507712.00000, f_syn = 302537344.00000
[2024-12-08 17:05:06,209][__main__][INFO] - Epoch 200 : f_diff = -125664.00000, f_tgt = 303285664.00000, f_syn = 303411328.00000
[2024-12-08 17:05:11,287][__main__][INFO] - Epoch 220 : f_diff = -43936.00000, f_tgt = 303911008.00000, f_syn = 303954944.00000
[2024-12-08 17:05:16,330][__main__][INFO] - Epoch 240 : f_diff = -83712.00000, f_tgt = 304404352.00000, f_syn = 304488064.00000
[2024-12-08 17:05:21,373][__main__][INFO] - Epoch 260 : f_diff = -36800.00000, f_tgt = 304763840.00000, f_syn = 304800640.00000
[2024-12-08 17:05:26,452][__main__][INFO] - Epoch 280 : f_diff = -52928.00000, f_tgt = 305157760.00000, f_syn = 305210688.00000
[2024-12-08 17:05:31,518][__main__][INFO] - Epoch 300 : f_diff = -5824.00000, f_tgt = 305448448.00000, f_syn = 305454272.00000
[2024-12-08 17:05:36,596][__main__][INFO] - Epoch 320 : f_diff = 17504.00000, f_tgt = 305791808.00000, f_syn = 305774304.00000
[2024-12-08 17:05:41,666][__main__][INFO] - Epoch 340 : f_diff = 3744.00000, f_tgt = 306129760.00000, f_syn = 306126016.00000
[2024-12-08 17:05:46,762][__main__][INFO] - Epoch 360 : f_diff = -34944.00000, f_tgt = 306397664.00000, f_syn = 306432608.00000
[2024-12-08 17:05:51,915][__main__][INFO] - Epoch 380 : f_diff = -7680.00000, f_tgt = 306642048.00000, f_syn = 306649728.00000
[2024-12-08 17:05:57,043][__main__][INFO] - Epoch 400 : f_diff = 7296.00000, f_tgt = 306845376.00000, f_syn = 306838080.00000
[2024-12-08 17:06:02,183][__main__][INFO] - Epoch 420 : f_diff = -50720.00000, f_tgt = 307016480.00000, f_syn = 307067200.00000
[2024-12-08 17:06:07,315][__main__][INFO] - Epoch 440 : f_diff = -21536.00000, f_tgt = 307151552.00000, f_syn = 307173088.00000
[2024-12-08 17:06:12,429][__main__][INFO] - Epoch 460 : f_diff = 86464.00000, f_tgt = 307288896.00000, f_syn = 307202432.00000
[2024-12-08 17:06:17,559][__main__][INFO] - Epoch 480 : f_diff = 20736.00000, f_tgt = 307518336.00000, f_syn = 307497600.00000
[2024-12-08 17:06:22,692][__main__][INFO] - Epoch 500 : f_diff = 160.00000 , f_tgt = 307705632.00000, f_syn = 307705472.00000
[2024-12-08 17:06:27,855][__main__][INFO] - Epoch 520 : f_diff = 10752.00000, f_tgt = 307826240.00000, f_syn = 307815488.00000
[2024-12-08 17:06:33,038][__main__][INFO] - Epoch 540 : f_diff = 14848.00000, f_tgt = 307968576.00000, f_syn = 307953728.00000
[2024-12-08 17:06:38,210][__main__][INFO] - Epoch 560 : f_diff = 26720.00000, f_tgt = 308072096.00000, f_syn = 308045376.00000
[2024-12-08 17:06:43,394][__main__][INFO] - Epoch 580 : f_diff = 83392.00000, f_tgt = 308174592.00000, f_syn = 308091200.00000
[2024-12-08 17:06:48,566][__main__][INFO] - Epoch 600 : f_diff = 85600.00000, f_tgt = 308297312.00000, f_syn = 308211712.00000
[2024-12-08 17:06:53,737][__main__][INFO] - Epoch 620 : f_diff = 106272.00000, f_tgt = 308368768.00000, f_syn = 308262496.00000
[2024-12-08 17:06:58,918][__main__][INFO] - Epoch 640 : f_diff = 75648.00000, f_tgt = 308512512.00000, f_syn = 308436864.00000
[2024-12-08 17:07:04,047][__main__][INFO] - Epoch 660 : f_diff = 25248.00000, f_tgt = 308649792.00000, f_syn = 308624544.00000
[2024-12-08 17:07:09,216][__main__][INFO] - Epoch 680 : f_diff = 45984.00000, f_tgt = 308752000.00000, f_syn = 308706016.00000
[2024-12-08 17:07:14,336][__main__][INFO] - Epoch 700 : f_diff = 37888.00000, f_tgt = 308876480.00000, f_syn = 308838592.00000
[2024-12-08 17:07:19,507][__main__][INFO] - Epoch 720 : f_diff = 52832.00000, f_tgt = 309002272.00000, f_syn = 308949440.00000
[2024-12-08 17:07:24,660][__main__][INFO] - Epoch 740 : f_diff = 58976.00000, f_tgt = 309088384.00000, f_syn = 309029408.00000
[2024-12-08 17:07:29,857][__main__][INFO] - Epoch 760 : f_diff = 28576.00000, f_tgt = 309185984.00000, f_syn = 309157408.00000
[2024-12-08 17:07:35,084][__main__][INFO] - Epoch 780 : f_diff = 60288.00000, f_tgt = 309263168.00000, f_syn = 309202880.00000
[2024-12-08 17:07:40,264][__main__][INFO] - Epoch 800 : f_diff = 92896.00000, f_tgt = 309362688.00000, f_syn = 309269792.00000
[2024-12-08 17:07:45,470][__main__][INFO] - Epoch 820 : f_diff = 131392.00000, f_tgt = 309430080.00000, f_syn = 309298688.00000
[2024-12-08 17:07:50,595][__main__][INFO] - Epoch 840 : f_diff = 125536.00000, f_tgt = 309543520.00000, f_syn = 309417984.00000
[2024-12-08 17:07:55,749][__main__][INFO] - Epoch 860 : f_diff = 137664.00000, f_tgt = 309663232.00000, f_syn = 309525568.00000
[2024-12-08 17:08:00,915][__main__][INFO] - Epoch 880 : f_diff = 124640.00000, f_tgt = 309751744.00000, f_syn = 309627104.00000
[2024-12-08 17:08:06,054][__main__][INFO] - Epoch 900 : f_diff = 57600.00000, f_tgt = 309851712.00000, f_syn = 309794112.00000
[2024-12-08 17:08:11,247][__main__][INFO] - Epoch 920 : f_diff = 97408.00000, f_tgt = 309943136.00000, f_syn = 309845728.00000
[2024-12-08 17:08:16,379][__main__][INFO] - Epoch 940 : f_diff = 145504.00000, f_tgt = 309965760.00000, f_syn = 309820256.00000
[2024-12-08 17:08:21,603][__main__][INFO] - Epoch 960 : f_diff = 131584.00000, f_tgt = 310086976.00000, f_syn = 309955392.00000
[2024-12-08 17:08:26,873][__main__][INFO] - Epoch 980 : f_diff = 106336.00000, f_tgt = 310169408.00000, f_syn = 310063072.00000
[2024-12-08 17:08:32,049][__main__][INFO] - Epoch 1000: f_diff = 111136.00000, f_tgt = 310272352.00000, f_syn = 310161216.00000
[2024-12-08 17:08:37,299][__main__][INFO] - Epoch 1020: f_diff = 141408.00000, f_tgt = 310366368.00000, f_syn = 310224960.00000
[2024-12-08 17:08:42,457][__main__][INFO] - Epoch 1040: f_diff = 156224.00000, f_tgt = 310453760.00000, f_syn = 310297536.00000
[2024-12-08 17:08:47,699][__main__][INFO] - Epoch 1060: f_diff = 94112.00000, f_tgt = 310540320.00000, f_syn = 310446208.00000
[2024-12-08 17:08:52,923][__main__][INFO] - Epoch 1080: f_diff = 135584.00000, f_tgt = 310598688.00000, f_syn = 310463104.00000
[2024-12-08 17:08:58,099][__main__][INFO] - Epoch 1100: f_diff = 130752.00000, f_tgt = 310668992.00000, f_syn = 310538240.00000
[2024-12-08 17:09:03,255][__main__][INFO] - Epoch 1120: f_diff = 185536.00000, f_tgt = 310699392.00000, f_syn = 310513856.00000
[2024-12-08 17:09:08,420][__main__][INFO] - Epoch 1140: f_diff = 114240.00000, f_tgt = 310813120.00000, f_syn = 310698880.00000
[2024-12-08 17:09:13,555][__main__][INFO] - Epoch 1160: f_diff = 158400.00000, f_tgt = 310793536.00000, f_syn = 310635136.00000
[2024-12-08 17:09:18,759][__main__][INFO] - Epoch 1180: f_diff = 194816.00000, f_tgt = 310857152.00000, f_syn = 310662336.00000
[2024-12-08 17:09:23,922][__main__][INFO] - Epoch 1200: f_diff = 149344.00000, f_tgt = 310932064.00000, f_syn = 310782720.00000
[2024-12-08 17:09:29,159][__main__][INFO] - Epoch 1220: f_diff = 145408.00000, f_tgt = 311019040.00000, f_syn = 310873632.00000
[2024-12-08 17:09:34,353][__main__][INFO] - Epoch 1240: f_diff = 126912.00000, f_tgt = 311097216.00000, f_syn = 310970304.00000
[2024-12-08 17:09:39,610][__main__][INFO] - Epoch 1260: f_diff = 175968.00000, f_tgt = 311156256.00000, f_syn = 310980288.00000
[2024-12-08 17:09:44,812][__main__][INFO] - Epoch 1280: f_diff = 156704.00000, f_tgt = 311208992.00000, f_syn = 311052288.00000
[2024-12-08 17:09:50,110][__main__][INFO] - Epoch 1300: f_diff = 137440.00000, f_tgt = 311269184.00000, f_syn = 311131744.00000
[2024-12-08 17:09:55,297][__main__][INFO] - Epoch 1320: f_diff = 141824.00000, f_tgt = 311285824.00000, f_syn = 311144000.00000
[2024-12-08 17:10:00,527][__main__][INFO] - Epoch 1340: f_diff = 171008.00000, f_tgt = 311264960.00000, f_syn = 311093952.00000
[2024-12-08 17:10:05,720][__main__][INFO] - Epoch 1360: f_diff = 117856.00000, f_tgt = 311393312.00000, f_syn = 311275456.00000
[2024-12-08 17:10:10,887][__main__][INFO] - Epoch 1380: f_diff = 149632.00000, f_tgt = 311427520.00000, f_syn = 311277888.00000
[2024-12-08 17:10:16,075][__main__][INFO] - Epoch 1400: f_diff = 166912.00000, f_tgt = 311466944.00000, f_syn = 311300032.00000
[2024-12-08 17:10:21,345][__main__][INFO] - Epoch 1420: f_diff = 158848.00000, f_tgt = 311518528.00000, f_syn = 311359680.00000
[2024-12-08 17:10:26,549][__main__][INFO] - Epoch 1440: f_diff = 166272.00000, f_tgt = 311580416.00000, f_syn = 311414144.00000
[2024-12-08 17:10:31,786][__main__][INFO] - Epoch 1460: f_diff = 148160.00000, f_tgt = 311649216.00000, f_syn = 311501056.00000
[2024-12-08 17:10:37,000][__main__][INFO] - Epoch 1480: f_diff = 166816.00000, f_tgt = 311696288.00000, f_syn = 311529472.00000
[2024-12-08 17:10:42,259][__main__][INFO] - Epoch 1500: f_diff = 184864.00000, f_tgt = 311722784.00000, f_syn = 311537920.00000
[2024-12-08 17:10:47,385][__main__][INFO] - Epoch 1520: f_diff = 164736.00000, f_tgt = 311799424.00000, f_syn = 311634688.00000
[2024-12-08 17:10:52,590][__main__][INFO] - Epoch 1540: f_diff = 203872.00000, f_tgt = 311847456.00000, f_syn = 311643584.00000
[2024-12-08 17:10:57,789][__main__][INFO] - Epoch 1560: f_diff = 109632.00000, f_tgt = 311930752.00000, f_syn = 311821120.00000
[2024-12-08 17:11:03,059][__main__][INFO] - Epoch 1580: f_diff = 139680.00000, f_tgt = 311975904.00000, f_syn = 311836224.00000
[2024-12-08 17:11:08,279][__main__][INFO] - Epoch 1600: f_diff = 151680.00000, f_tgt = 312046080.00000, f_syn = 311894400.00000
[2024-12-08 17:11:13,487][__main__][INFO] - Epoch 1620: f_diff = 219648.00000, f_tgt = 312089056.00000, f_syn = 311869408.00000
[2024-12-08 17:11:18,717][__main__][INFO] - Epoch 1640: f_diff = 167104.00000, f_tgt = 312138432.00000, f_syn = 311971328.00000
[2024-12-08 17:11:23,971][__main__][INFO] - Epoch 1660: f_diff = 182112.00000, f_tgt = 312201184.00000, f_syn = 312019072.00000
[2024-12-08 17:11:29,182][__main__][INFO] - Epoch 1680: f_diff = 215072.00000, f_tgt = 312207872.00000, f_syn = 311992800.00000
[2024-12-08 17:11:34,433][__main__][INFO] - Epoch 1700: f_diff = 178848.00000, f_tgt = 312301280.00000, f_syn = 312122432.00000
[2024-12-08 17:11:39,601][__main__][INFO] - Epoch 1720: f_diff = 214944.00000, f_tgt = 312307840.00000, f_syn = 312092896.00000
[2024-12-08 17:11:44,824][__main__][INFO] - Epoch 1740: f_diff = 151776.00000, f_tgt = 312397280.00000, f_syn = 312245504.00000
[2024-12-08 17:11:50,002][__main__][INFO] - Epoch 1760: f_diff = 242752.00000, f_tgt = 312416256.00000, f_syn = 312173504.00000
[2024-12-08 17:11:55,212][__main__][INFO] - Epoch 1780: f_diff = 208736.00000, f_tgt = 312462976.00000, f_syn = 312254240.00000
[2024-12-08 17:12:00,421][__main__][INFO] - Epoch 1800: f_diff = 218464.00000, f_tgt = 312485856.00000, f_syn = 312267392.00000
[2024-12-08 17:12:05,743][__main__][INFO] - Epoch 1820: f_diff = 179072.00000, f_tgt = 312554112.00000, f_syn = 312375040.00000
[2024-12-08 17:12:10,915][__main__][INFO] - Epoch 1840: f_diff = 234944.00000, f_tgt = 312543552.00000, f_syn = 312308608.00000
[2024-12-08 17:12:16,074][__main__][INFO] - Epoch 1860: f_diff = 205760.00000, f_tgt = 312582368.00000, f_syn = 312376608.00000
[2024-12-08 17:12:21,235][__main__][INFO] - Epoch 1880: f_diff = 270432.00000, f_tgt = 312621984.00000, f_syn = 312351552.00000
[2024-12-08 17:12:26,463][__main__][INFO] - Epoch 1900: f_diff = 246432.00000, f_tgt = 312694016.00000, f_syn = 312447584.00000
[2024-12-08 17:12:31,669][__main__][INFO] - Epoch 1920: f_diff = 233792.00000, f_tgt = 312739328.00000, f_syn = 312505536.00000
[2024-12-08 17:12:36,885][__main__][INFO] - Epoch 1940: f_diff = 257280.00000, f_tgt = 312780096.00000, f_syn = 312522816.00000
[2024-12-08 17:12:42,136][__main__][INFO] - Epoch 1960: f_diff = 232288.00000, f_tgt = 312808928.00000, f_syn = 312576640.00000
[2024-12-08 17:12:47,369][__main__][INFO] - Epoch 1980: f_diff = 248672.00000, f_tgt = 312848032.00000, f_syn = 312599360.00000
[2024-12-08 17:12:52,517][__main__][INFO] - Epoch 2000: f_diff = 240480.00000, f_tgt = 312906656.00000, f_syn = 312666176.00000
