[2024-12-08 16:32:04,877][__main__][INFO] - Epoch 20  : f_diff = 118346272.00000, f_tgt = 322109312.00000, f_syn = 203763040.00000
[2024-12-08 16:32:09,870][__main__][INFO] - Epoch 40  : f_diff = 84560000.00000, f_tgt = 136276176.00000, f_syn = 51716176.00000
[2024-12-08 16:32:14,913][__main__][INFO] - Epoch 60  : f_diff = 15329920.00000, f_tgt = 592120960.00000, f_syn = 576791040.00000
[2024-12-08 16:32:20,003][__main__][INFO] - Epoch 80  : f_diff = -24213992.00000, f_tgt = 80648608.00000, f_syn = 104862600.00000
[2024-12-08 16:32:25,153][__main__][INFO] - Epoch 100 : f_diff = 73992512.00000, f_tgt = 381045312.00000, f_syn = 307052800.00000
[2024-12-08 16:32:30,296][__main__][INFO] - Epoch 120 : f_diff = 54615072.00000, f_tgt = 471588320.00000, f_syn = 416973248.00000
[2024-12-08 16:32:35,466][__main__][INFO] - Epoch 140 : f_diff = 27469504.00000, f_tgt = 502864128.00000, f_syn = 475394624.00000
[2024-12-08 16:32:40,602][__main__][INFO] - Epoch 160 : f_diff = 7470720.00000, f_tgt = 613857344.00000, f_syn = 606386624.00000
[2024-12-08 16:32:45,783][__main__][INFO] - Epoch 180 : f_diff = 5410880.00000, f_tgt = 631507328.00000, f_syn = 626096448.00000
[2024-12-08 16:32:50,974][__main__][INFO] - Epoch 200 : f_diff = 4610432.00000, f_tgt = 641762304.00000, f_syn = 637151872.00000
[2024-12-08 16:32:56,284][__main__][INFO] - Epoch 220 : f_diff = 3985024.00000, f_tgt = 649268736.00000, f_syn = 645283712.00000
[2024-12-08 16:33:01,713][__main__][INFO] - Epoch 240 : f_diff = 3162338.75000, f_tgt = 3303909.00000, f_syn = 141570.26562
[2024-12-08 16:33:07,165][__main__][INFO] - Epoch 260 : f_diff = 50474784.00000, f_tgt = 185676288.00000, f_syn = 135201504.00000
[2024-12-08 16:33:12,468][__main__][INFO] - Epoch 280 : f_diff = 84624672.00000, f_tgt = 235979616.00000, f_syn = 151354944.00000
[2024-12-08 16:33:17,724][__main__][INFO] - Epoch 300 : f_diff = 24830720.00000, f_tgt = 585546752.00000, f_syn = 560716032.00000
[2024-12-08 16:33:22,952][__main__][INFO] - Epoch 320 : f_diff = 12867648.00000, f_tgt = 573500480.00000, f_syn = 560632832.00000
[2024-12-08 16:33:28,226][__main__][INFO] - Epoch 340 : f_diff = 3807168.00000, f_tgt = 632517568.00000, f_syn = 628710400.00000
[2024-12-08 16:33:33,456][__main__][INFO] - Epoch 360 : f_diff = 3003776.00000, f_tgt = 642423552.00000, f_syn = 639419776.00000
[2024-12-08 16:33:38,712][__main__][INFO] - Epoch 380 : f_diff = 3032320.00000, f_tgt = 648058944.00000, f_syn = 645026624.00000
[2024-12-08 16:33:43,951][__main__][INFO] - Epoch 400 : f_diff = 2845696.00000, f_tgt = 652776832.00000, f_syn = 649931136.00000
[2024-12-08 16:33:49,333][__main__][INFO] - Epoch 420 : f_diff = 2466304.00000, f_tgt = 656795584.00000, f_syn = 654329280.00000
[2024-12-08 16:33:54,656][__main__][INFO] - Epoch 440 : f_diff = 2433024.00000, f_tgt = 659624512.00000, f_syn = 657191488.00000
[2024-12-08 16:34:00,013][__main__][INFO] - Epoch 460 : f_diff = -1039752704.00000, f_tgt = 572494080.00000, f_syn = 1612246784.00000
[2024-12-08 16:34:05,119][__main__][INFO] - Epoch 480 : f_diff = 4736.76172, f_tgt = 4751.54443, f_syn = 14.78283  
[2024-12-08 16:34:10,225][__main__][INFO] - Epoch 500 : f_diff = 20247.32031, f_tgt = 20272.03711, f_syn = 24.71774  
[2024-12-08 16:34:15,533][__main__][INFO] - Epoch 520 : f_diff = 37527716.00000, f_tgt = 41338084.00000, f_syn = 3810368.75000
[2024-12-08 16:34:20,895][__main__][INFO] - Epoch 540 : f_diff = 110481584.00000, f_tgt = 269878976.00000, f_syn = 159397392.00000
[2024-12-08 16:34:26,279][__main__][INFO] - Epoch 560 : f_diff = 52299648.00000, f_tgt = 517967168.00000, f_syn = 465667520.00000
[2024-12-08 16:34:31,680][__main__][INFO] - Epoch 580 : f_diff = 29366784.00000, f_tgt = 587631360.00000, f_syn = 558264576.00000
[2024-12-08 16:34:36,912][__main__][INFO] - Epoch 600 : f_diff = 16002304.00000, f_tgt = 615922432.00000, f_syn = 599920128.00000
[2024-12-08 16:34:42,215][__main__][INFO] - Epoch 620 : f_diff = 13302016.00000, f_tgt = 630328704.00000, f_syn = 617026688.00000
[2024-12-08 16:34:47,474][__main__][INFO] - Epoch 640 : f_diff = 9527616.00000, f_tgt = 640301760.00000, f_syn = 630774144.00000
[2024-12-08 16:34:52,804][__main__][INFO] - Epoch 660 : f_diff = 7369536.00000, f_tgt = 646729024.00000, f_syn = 639359488.00000
[2024-12-08 16:34:58,068][__main__][INFO] - Epoch 680 : f_diff = 6225984.00000, f_tgt = 650856576.00000, f_syn = 644630592.00000
[2024-12-08 16:35:03,336][__main__][INFO] - Epoch 700 : f_diff = 5278272.00000, f_tgt = 654097664.00000, f_syn = 648819392.00000
[2024-12-08 16:35:08,617][__main__][INFO] - Epoch 720 : f_diff = 4716224.00000, f_tgt = 656481984.00000, f_syn = 651765760.00000
[2024-12-08 16:35:13,910][__main__][INFO] - Epoch 740 : f_diff = 4461760.00000, f_tgt = 658415616.00000, f_syn = 653953856.00000
[2024-12-08 16:35:19,142][__main__][INFO] - Epoch 760 : f_diff = 3997952.00000, f_tgt = 660279296.00000, f_syn = 656281344.00000
[2024-12-08 16:35:24,424][__main__][INFO] - Epoch 780 : f_diff = 3881984.00000, f_tgt = 661750528.00000, f_syn = 657868544.00000
[2024-12-08 16:35:29,743][__main__][INFO] - Epoch 800 : f_diff = 3825920.00000, f_tgt = 662992640.00000, f_syn = 659166720.00000
[2024-12-08 16:35:35,083][__main__][INFO] - Epoch 820 : f_diff = 3483008.00000, f_tgt = 664251392.00000, f_syn = 660768384.00000
[2024-12-08 16:35:40,375][__main__][INFO] - Epoch 840 : f_diff = 3263936.00000, f_tgt = 665458560.00000, f_syn = 662194624.00000
[2024-12-08 16:35:45,678][__main__][INFO] - Epoch 860 : f_diff = 3128832.00000, f_tgt = 666359296.00000, f_syn = 663230464.00000
[2024-12-08 16:35:50,954][__main__][INFO] - Epoch 880 : f_diff = 2920320.00000, f_tgt = 667366528.00000, f_syn = 664446208.00000
[2024-12-08 16:35:56,264][__main__][INFO] - Epoch 900 : f_diff = 2827392.00000, f_tgt = 668236672.00000, f_syn = 665409280.00000
[2024-12-08 16:36:01,565][__main__][INFO] - Epoch 920 : f_diff = 2832128.00000, f_tgt = 668885376.00000, f_syn = 666053248.00000
[2024-12-08 16:36:06,910][__main__][INFO] - Epoch 940 : f_diff = 2854400.00000, f_tgt = 669593344.00000, f_syn = 666738944.00000
[2024-12-08 16:36:12,214][__main__][INFO] - Epoch 960 : f_diff = 2741888.00000, f_tgt = 670303360.00000, f_syn = 667561472.00000
[2024-12-08 16:36:17,476][__main__][INFO] - Epoch 980 : f_diff = 2605312.00000, f_tgt = 670951936.00000, f_syn = 668346624.00000
[2024-12-08 16:36:22,779][__main__][INFO] - Epoch 1000: f_diff = 2743680.00000, f_tgt = 671445504.00000, f_syn = 668701824.00000
[2024-12-08 16:36:28,091][__main__][INFO] - Epoch 1020: f_diff = 2770560.00000, f_tgt = 672033920.00000, f_syn = 669263360.00000
[2024-12-08 16:36:33,353][__main__][INFO] - Epoch 1040: f_diff = 2664256.00000, f_tgt = 672729344.00000, f_syn = 670065088.00000
[2024-12-08 16:36:38,586][__main__][INFO] - Epoch 1060: f_diff = 2688512.00000, f_tgt = 673354624.00000, f_syn = 670666112.00000
[2024-12-08 16:36:43,846][__main__][INFO] - Epoch 1080: f_diff = 2623552.00000, f_tgt = 673984000.00000, f_syn = 671360448.00000
[2024-12-08 16:36:49,080][__main__][INFO] - Epoch 1100: f_diff = 2795264.00000, f_tgt = 674421824.00000, f_syn = 671626560.00000
[2024-12-08 16:36:54,364][__main__][INFO] - Epoch 1120: f_diff = 2685184.00000, f_tgt = 675134976.00000, f_syn = 672449792.00000
[2024-12-08 16:36:59,687][__main__][INFO] - Epoch 1140: f_diff = 2604544.00000, f_tgt = 675799296.00000, f_syn = 673194752.00000
[2024-12-08 16:37:04,925][__main__][INFO] - Epoch 1160: f_diff = 3000640.00000, f_tgt = 676016768.00000, f_syn = 673016128.00000
[2024-12-08 16:37:10,247][__main__][INFO] - Epoch 1180: f_diff = 2984064.00000, f_tgt = 676628480.00000, f_syn = 673644416.00000
[2024-12-08 16:37:15,511][__main__][INFO] - Epoch 1200: f_diff = 2729088.00000, f_tgt = 677423616.00000, f_syn = 674694528.00000
[2024-12-08 16:37:20,780][__main__][INFO] - Epoch 1220: f_diff = 2825728.00000, f_tgt = 677800064.00000, f_syn = 674974336.00000
[2024-12-08 16:37:26,053][__main__][INFO] - Epoch 1240: f_diff = 2846464.00000, f_tgt = 678207232.00000, f_syn = 675360768.00000
[2024-12-08 16:37:31,373][__main__][INFO] - Epoch 1260: f_diff = 2879616.00000, f_tgt = 678390400.00000, f_syn = 675510784.00000
[2024-12-08 16:37:36,604][__main__][INFO] - Epoch 1280: f_diff = 2722880.00000, f_tgt = 678926016.00000, f_syn = 676203136.00000
[2024-12-08 16:37:41,888][__main__][INFO] - Epoch 1300: f_diff = 2845376.00000, f_tgt = 679106688.00000, f_syn = 676261312.00000
[2024-12-08 16:37:47,197][__main__][INFO] - Epoch 1320: f_diff = 2778240.00000, f_tgt = 679408512.00000, f_syn = 676630272.00000
[2024-12-08 16:37:52,480][__main__][INFO] - Epoch 1340: f_diff = 2561664.00000, f_tgt = 679925632.00000, f_syn = 677363968.00000
[2024-12-08 16:37:57,688][__main__][INFO] - Epoch 1360: f_diff = 2627776.00000, f_tgt = 680047744.00000, f_syn = 677419968.00000
[2024-12-08 16:38:02,932][__main__][INFO] - Epoch 1380: f_diff = 2113664.00000, f_tgt = 680543488.00000, f_syn = 678429824.00000
[2024-12-08 16:38:08,184][__main__][INFO] - Epoch 1400: f_diff = 2147840.00000, f_tgt = 680483840.00000, f_syn = 678336000.00000
[2024-12-08 16:38:13,571][__main__][INFO] - Epoch 1420: f_diff = 2170880.00000, f_tgt = 680548224.00000, f_syn = 678377344.00000
[2024-12-08 16:38:18,899][__main__][INFO] - Epoch 1440: f_diff = 1888576.00000, f_tgt = 680730688.00000, f_syn = 678842112.00000
[2024-12-08 16:38:24,164][__main__][INFO] - Epoch 1460: f_diff = 1486464.00000, f_tgt = 680642176.00000, f_syn = 679155712.00000
[2024-12-08 16:38:29,489][__main__][INFO] - Epoch 1480: f_diff = 1209792.00000, f_tgt = 680531264.00000, f_syn = 679321472.00000
[2024-12-08 16:38:34,702][__main__][INFO] - Epoch 1500: f_diff = 1422080.00000, f_tgt = 679990784.00000, f_syn = 678568704.00000
[2024-12-08 16:38:40,053][__main__][INFO] - Epoch 1520: f_diff = 1108736.00000, f_tgt = 680133888.00000, f_syn = 679025152.00000
[2024-12-08 16:38:45,441][__main__][INFO] - Epoch 1540: f_diff = 1101760.00000, f_tgt = 679979840.00000, f_syn = 678878080.00000
[2024-12-08 16:38:50,777][__main__][INFO] - Epoch 1560: f_diff = 785664.00000, f_tgt = 680125440.00000, f_syn = 679339776.00000
[2024-12-08 16:38:56,135][__main__][INFO] - Epoch 1580: f_diff = 978752.00000, f_tgt = 679687872.00000, f_syn = 678709120.00000
[2024-12-08 16:39:01,518][__main__][INFO] - Epoch 1600: f_diff = 867392.00000, f_tgt = 679848384.00000, f_syn = 678980992.00000
[2024-12-08 16:39:06,920][__main__][INFO] - Epoch 1620: f_diff = 747648.00000, f_tgt = 679876736.00000, f_syn = 679129088.00000
[2024-12-08 16:39:12,334][__main__][INFO] - Epoch 1640: f_diff = 656320.00000, f_tgt = 679930368.00000, f_syn = 679274048.00000
[2024-12-08 16:39:17,703][__main__][INFO] - Epoch 1660: f_diff = 796672.00000, f_tgt = 679739008.00000, f_syn = 678942336.00000
[2024-12-08 16:39:23,056][__main__][INFO] - Epoch 1680: f_diff = 652736.00000, f_tgt = 680000128.00000, f_syn = 679347392.00000
[2024-12-08 16:39:28,438][__main__][INFO] - Epoch 1700: f_diff = 639552.00000, f_tgt = 679944320.00000, f_syn = 679304768.00000
[2024-12-08 16:39:33,793][__main__][INFO] - Epoch 1720: f_diff = 789824.00000, f_tgt = 679808320.00000, f_syn = 679018496.00000
[2024-12-08 16:39:39,209][__main__][INFO] - Epoch 1740: f_diff = 858944.00000, f_tgt = 679839104.00000, f_syn = 678980160.00000
[2024-12-08 16:39:44,611][__main__][INFO] - Epoch 1760: f_diff = 797376.00000, f_tgt = 680034240.00000, f_syn = 679236864.00000
[2024-12-08 16:39:49,940][__main__][INFO] - Epoch 1780: f_diff = 592320.00000, f_tgt = 680376896.00000, f_syn = 679784576.00000
[2024-12-08 16:39:55,291][__main__][INFO] - Epoch 1800: f_diff = 737152.00000, f_tgt = 680213504.00000, f_syn = 679476352.00000
[2024-12-08 16:40:00,758][__main__][INFO] - Epoch 1820: f_diff = 541568.00000, f_tgt = 680534016.00000, f_syn = 679992448.00000
[2024-12-08 16:40:06,117][__main__][INFO] - Epoch 1840: f_diff = 928512.00000, f_tgt = 680169344.00000, f_syn = 679240832.00000
[2024-12-08 16:40:11,482][__main__][INFO] - Epoch 1860: f_diff = 757632.00000, f_tgt = 680521280.00000, f_syn = 679763648.00000
[2024-12-08 16:40:16,848][__main__][INFO] - Epoch 1880: f_diff = 520448.00000, f_tgt = 680805376.00000, f_syn = 680284928.00000
[2024-12-08 16:40:22,346][__main__][INFO] - Epoch 1900: f_diff = 491136.00000, f_tgt = 680955264.00000, f_syn = 680464128.00000
[2024-12-08 16:40:27,765][__main__][INFO] - Epoch 1920: f_diff = 775680.00000, f_tgt = 680781568.00000, f_syn = 680005888.00000
[2024-12-08 16:40:33,122][__main__][INFO] - Epoch 1940: f_diff = 601472.00000, f_tgt = 681037440.00000, f_syn = 680435968.00000
[2024-12-08 16:40:38,375][__main__][INFO] - Epoch 1960: f_diff = 583872.00000, f_tgt = 681140352.00000, f_syn = 680556480.00000
[2024-12-08 16:40:43,806][__main__][INFO] - Epoch 1980: f_diff = 779392.00000, f_tgt = 680953600.00000, f_syn = 680174208.00000
[2024-12-08 16:40:49,178][__main__][INFO] - Epoch 2000: f_diff = 652608.00000, f_tgt = 681216832.00000, f_syn = 680564224.00000
