[2024-12-07 18:36:24,993][__main__][INFO] - Epoch 20  : f_diff = 297701600.00, f_tgt = 359614560.00, f_syn = 61912968.00
[2024-12-07 18:36:30,425][__main__][INFO] - Epoch 40  : f_diff = 1367868.00, f_tgt = 1390435.88, f_syn = 22567.93  
[2024-12-07 18:36:35,808][__main__][INFO] - Epoch 60  : f_diff = 81907552.00, f_tgt = 136581696.00, f_syn = 54674144.00
[2024-12-07 18:36:41,216][__main__][INFO] - Epoch 80  : f_diff = 25974272.00, f_tgt = 481778496.00, f_syn = 455804224.00
[2024-12-07 18:36:46,656][__main__][INFO] - Epoch 100 : f_diff = -1460487168.00, f_tgt = 442478592.00, f_syn = 1902965760.00
[2024-12-07 18:36:52,078][__main__][INFO] - Epoch 120 : f_diff = 44912128.00, f_tgt = 313034560.00, f_syn = 268122432.00
[2024-12-07 18:36:57,522][__main__][INFO] - Epoch 140 : f_diff = 19821824.00, f_tgt = 484201152.00, f_syn = 464379328.00
[2024-12-07 18:37:02,975][__main__][INFO] - Epoch 160 : f_diff = 3838752.00, f_tgt = 530400480.00, f_syn = 526561728.00
[2024-12-07 18:37:08,413][__main__][INFO] - Epoch 180 : f_diff = 14605136.00, f_tgt = 259914832.00, f_syn = 245309696.00
[2024-12-07 18:37:13,854][__main__][INFO] - Epoch 200 : f_diff = 13901696.00, f_tgt = 472850624.00, f_syn = 458948928.00
[2024-12-07 18:37:19,383][__main__][INFO] - Epoch 220 : f_diff = 6302080.00, f_tgt = 526356032.00, f_syn = 520053952.00
[2024-12-07 18:37:25,111][__main__][INFO] - Epoch 240 : f_diff = 6036384.00, f_tgt = 541253952.00, f_syn = 535217568.00
[2024-12-07 18:37:30,751][__main__][INFO] - Epoch 260 : f_diff = 5318016.00, f_tgt = 552196800.00, f_syn = 546878784.00
[2024-12-07 18:37:36,360][__main__][INFO] - Epoch 280 : f_diff = 3980352.00, f_tgt = 559311616.00, f_syn = 555331264.00
[2024-12-07 18:37:41,974][__main__][INFO] - Epoch 300 : f_diff = 2993984.00, f_tgt = 563917568.00, f_syn = 560923584.00
[2024-12-07 18:37:47,588][__main__][INFO] - Epoch 320 : f_diff = -11440064.00, f_tgt = 557483072.00, f_syn = 568923136.00
[2024-12-07 18:37:53,154][__main__][INFO] - Epoch 340 : f_diff = 210645952.00, f_tgt = 302373792.00, f_syn = 91727832.00
[2024-12-07 18:37:58,748][__main__][INFO] - Epoch 360 : f_diff = 13697312.00, f_tgt = 481568480.00, f_syn = 467871168.00
[2024-12-07 18:38:04,358][__main__][INFO] - Epoch 380 : f_diff = 9538304.00, f_tgt = 542034304.00, f_syn = 532496000.00
[2024-12-07 18:38:09,971][__main__][INFO] - Epoch 400 : f_diff = 5391936.00, f_tgt = 557832896.00, f_syn = 552440960.00
[2024-12-07 18:38:15,607][__main__][INFO] - Epoch 420 : f_diff = 3170112.00, f_tgt = 565540544.00, f_syn = 562370432.00
[2024-12-07 18:38:21,229][__main__][INFO] - Epoch 440 : f_diff = 2126912.00, f_tgt = 569775232.00, f_syn = 567648320.00
[2024-12-07 18:38:26,837][__main__][INFO] - Epoch 460 : f_diff = 1644032.00, f_tgt = 572141696.00, f_syn = 570497664.00
[2024-12-07 18:38:32,464][__main__][INFO] - Epoch 480 : f_diff = 1592832.00, f_tgt = 573590720.00, f_syn = 571997888.00
[2024-12-07 18:38:38,080][__main__][INFO] - Epoch 500 : f_diff = 1181760.00, f_tgt = 575171136.00, f_syn = 573989376.00
[2024-12-07 18:38:43,688][__main__][INFO] - Epoch 520 : f_diff = 1180224.00, f_tgt = 575708992.00, f_syn = 574528768.00
[2024-12-07 18:38:49,308][__main__][INFO] - Epoch 540 : f_diff = 1074240.00, f_tgt = 576383424.00, f_syn = 575309184.00
[2024-12-07 18:38:54,929][__main__][INFO] - Epoch 560 : f_diff = 657728.00 , f_tgt = 577344640.00, f_syn = 576686912.00
[2024-12-07 18:39:00,552][__main__][INFO] - Epoch 580 : f_diff = 955648.00 , f_tgt = 577637248.00, f_syn = 576681600.00
[2024-12-07 18:39:06,167][__main__][INFO] - Epoch 600 : f_diff = 570624.00 , f_tgt = 578601344.00, f_syn = 578030720.00
[2024-12-07 18:39:11,815][__main__][INFO] - Epoch 620 : f_diff = 380032.00 , f_tgt = 579268864.00, f_syn = 578888832.00
[2024-12-07 18:39:17,445][__main__][INFO] - Epoch 640 : f_diff = 817536.00 , f_tgt = 579285632.00, f_syn = 578468096.00
[2024-12-07 18:39:23,081][__main__][INFO] - Epoch 660 : f_diff = 543360.00 , f_tgt = 579991296.00, f_syn = 579447936.00
[2024-12-07 18:39:28,717][__main__][INFO] - Epoch 680 : f_diff = 598016.00 , f_tgt = 580473344.00, f_syn = 579875328.00
[2024-12-07 18:39:34,352][__main__][INFO] - Epoch 700 : f_diff = 255616.00 , f_tgt = 581271168.00, f_syn = 581015552.00
[2024-12-07 18:39:39,990][__main__][INFO] - Epoch 720 : f_diff = 576832.00 , f_tgt = 581352064.00, f_syn = 580775232.00
[2024-12-07 18:39:45,620][__main__][INFO] - Epoch 740 : f_diff = 598592.00 , f_tgt = 581700288.00, f_syn = 581101696.00
[2024-12-07 18:39:51,259][__main__][INFO] - Epoch 760 : f_diff = 326208.00 , f_tgt = 582235712.00, f_syn = 581909504.00
[2024-12-07 18:39:56,899][__main__][INFO] - Epoch 780 : f_diff = 403456.00 , f_tgt = 582448960.00, f_syn = 582045504.00
[2024-12-07 18:40:02,532][__main__][INFO] - Epoch 800 : f_diff = 633856.00 , f_tgt = 582501888.00, f_syn = 581868032.00
[2024-12-07 18:40:08,197][__main__][INFO] - Epoch 820 : f_diff = 229312.00 , f_tgt = 583231424.00, f_syn = 583002112.00
[2024-12-07 18:40:13,841][__main__][INFO] - Epoch 840 : f_diff = 309376.00 , f_tgt = 583437056.00, f_syn = 583127680.00
[2024-12-07 18:40:19,480][__main__][INFO] - Epoch 860 : f_diff = 638144.00 , f_tgt = 583418752.00, f_syn = 582780608.00
[2024-12-07 18:40:25,120][__main__][INFO] - Epoch 880 : f_diff = 407488.00 , f_tgt = 583981184.00, f_syn = 583573696.00
[2024-12-07 18:40:30,770][__main__][INFO] - Epoch 900 : f_diff = 215936.00 , f_tgt = 584473408.00, f_syn = 584257472.00
[2024-12-07 18:40:36,425][__main__][INFO] - Epoch 920 : f_diff = 240704.00 , f_tgt = 584613696.00, f_syn = 584372992.00
[2024-12-07 18:40:42,126][__main__][INFO] - Epoch 940 : f_diff = 525056.00 , f_tgt = 584572416.00, f_syn = 584047360.00
[2024-12-07 18:40:47,776][__main__][INFO] - Epoch 960 : f_diff = 424128.00 , f_tgt = 584867200.00, f_syn = 584443072.00
[2024-12-07 18:40:53,424][__main__][INFO] - Epoch 980 : f_diff = 258624.00 , f_tgt = 585194368.00, f_syn = 584935744.00
[2024-12-07 18:40:59,096][__main__][INFO] - Epoch 1000: f_diff = 762880.00 , f_tgt = 584979200.00, f_syn = 584216320.00
[2024-12-07 18:41:04,829][__main__][INFO] - Epoch 1020: f_diff = 514048.00 , f_tgt = 585418880.00, f_syn = 584904832.00
[2024-12-07 18:41:10,491][__main__][INFO] - Epoch 1040: f_diff = 212736.00 , f_tgt = 585917184.00, f_syn = 585704448.00
[2024-12-07 18:41:16,138][__main__][INFO] - Epoch 1060: f_diff = 329600.00 , f_tgt = 585908480.00, f_syn = 585578880.00
[2024-12-07 18:41:21,792][__main__][INFO] - Epoch 1080: f_diff = 343040.00 , f_tgt = 586001280.00, f_syn = 585658240.00
[2024-12-07 18:41:27,438][__main__][INFO] - Epoch 1100: f_diff = 615936.00 , f_tgt = 585902656.00, f_syn = 585286720.00
[2024-12-07 18:41:33,150][__main__][INFO] - Epoch 1120: f_diff = 430016.00 , f_tgt = 586288704.00, f_syn = 585858688.00
[2024-12-07 18:41:38,810][__main__][INFO] - Epoch 1140: f_diff = 119936.00 , f_tgt = 586778368.00, f_syn = 586658432.00
[2024-12-07 18:41:44,468][__main__][INFO] - Epoch 1160: f_diff = 348672.00 , f_tgt = 586628608.00, f_syn = 586279936.00
[2024-12-07 18:41:50,120][__main__][INFO] - Epoch 1180: f_diff = 257088.00 , f_tgt = 586918592.00, f_syn = 586661504.00
[2024-12-07 18:41:55,768][__main__][INFO] - Epoch 1200: f_diff = 400832.00 , f_tgt = 587019392.00, f_syn = 586618560.00
[2024-12-07 18:42:01,444][__main__][INFO] - Epoch 1220: f_diff = 514752.00 , f_tgt = 586910592.00, f_syn = 586395840.00
[2024-12-07 18:42:07,113][__main__][INFO] - Epoch 1240: f_diff = 407168.00 , f_tgt = 587282048.00, f_syn = 586874880.00
[2024-12-07 18:42:12,782][__main__][INFO] - Epoch 1260: f_diff = 324160.00 , f_tgt = 587597824.00, f_syn = 587273664.00
[2024-12-07 18:42:18,608][__main__][INFO] - Epoch 1280: f_diff = 167296.00 , f_tgt = 587786944.00, f_syn = 587619648.00
[2024-12-07 18:42:24,386][__main__][INFO] - Epoch 1300: f_diff = 584448.00 , f_tgt = 587537280.00, f_syn = 586952832.00
[2024-12-07 18:42:30,483][__main__][INFO] - Epoch 1320: f_diff = 41088.00  , f_tgt = 588263744.00, f_syn = 588222656.00
[2024-12-07 18:42:36,250][__main__][INFO] - Epoch 1340: f_diff = 634624.00 , f_tgt = 587769088.00, f_syn = 587134464.00
[2024-12-07 18:42:41,990][__main__][INFO] - Epoch 1360: f_diff = 364416.00 , f_tgt = 588197120.00, f_syn = 587832704.00
[2024-12-07 18:42:47,687][__main__][INFO] - Epoch 1380: f_diff = 134528.00 , f_tgt = 588555392.00, f_syn = 588420864.00
[2024-12-07 18:42:53,399][__main__][INFO] - Epoch 1400: f_diff = 692416.00 , f_tgt = 588120512.00, f_syn = 587428096.00
[2024-12-07 18:42:59,229][__main__][INFO] - Epoch 1420: f_diff = 821248.00 , f_tgt = 588145728.00, f_syn = 587324480.00
[2024-12-07 18:43:05,148][__main__][INFO] - Epoch 1440: f_diff = 361088.00 , f_tgt = 588784256.00, f_syn = 588423168.00
[2024-12-07 18:43:10,962][__main__][INFO] - Epoch 1460: f_diff = 354304.00 , f_tgt = 588909440.00, f_syn = 588555136.00
[2024-12-07 18:43:16,610][__main__][INFO] - Epoch 1480: f_diff = -389760.00, f_tgt = 589646336.00, f_syn = 590036096.00
[2024-12-07 18:43:22,294][__main__][INFO] - Epoch 1500: f_diff = -126284480.00, f_tgt = 591387584.00, f_syn = 717672064.00
[2024-12-07 18:43:28,078][__main__][INFO] - Epoch 1520: f_diff = 111809120.00, f_tgt = 589489408.00, f_syn = 477680288.00
[2024-12-07 18:43:34,015][__main__][INFO] - Epoch 1540: f_diff = 17527008.00, f_tgt = 538796480.00, f_syn = 521269472.00
[2024-12-07 18:43:40,063][__main__][INFO] - Epoch 1560: f_diff = -935424640.00, f_tgt = 354918496.00, f_syn = 1290343168.00
[2024-12-07 18:43:46,232][__main__][INFO] - Epoch 1580: f_diff = 16884672.00, f_tgt = 538750720.00, f_syn = 521866048.00
[2024-12-07 18:43:52,214][__main__][INFO] - Epoch 1600: f_diff = 42555232.00, f_tgt = 500291104.00, f_syn = 457735872.00
[2024-12-07 18:43:57,958][__main__][INFO] - Epoch 1620: f_diff = 7486784.00, f_tgt = 561422848.00, f_syn = 553936064.00
[2024-12-07 18:44:03,719][__main__][INFO] - Epoch 1640: f_diff = 1574976.00, f_tgt = 575278848.00, f_syn = 573703872.00
[2024-12-07 18:44:09,520][__main__][INFO] - Epoch 1660: f_diff = 1336576.00, f_tgt = 579162368.00, f_syn = 577825792.00
[2024-12-07 18:44:15,322][__main__][INFO] - Epoch 1680: f_diff = 592448.00 , f_tgt = 581784000.00, f_syn = 581191552.00
[2024-12-07 18:44:21,117][__main__][INFO] - Epoch 1700: f_diff = 751936.00 , f_tgt = 582340160.00, f_syn = 581588224.00
[2024-12-07 18:44:27,331][__main__][INFO] - Epoch 1720: f_diff = 448640.00 , f_tgt = 583553536.00, f_syn = 583104896.00
[2024-12-07 18:44:33,728][__main__][INFO] - Epoch 1740: f_diff = 425216.00 , f_tgt = 584517120.00, f_syn = 584091904.00
[2024-12-07 18:44:40,135][__main__][INFO] - Epoch 1760: f_diff = 263744.00 , f_tgt = 585176832.00, f_syn = 584913088.00
[2024-12-07 18:44:46,136][__main__][INFO] - Epoch 1780: f_diff = 471104.00 , f_tgt = 585596416.00, f_syn = 585125312.00
[2024-12-07 18:44:51,891][__main__][INFO] - Epoch 1800: f_diff = 251904.00 , f_tgt = 586382464.00, f_syn = 586130560.00
[2024-12-07 18:44:57,720][__main__][INFO] - Epoch 1820: f_diff = 403840.00 , f_tgt = 586550656.00, f_syn = 586146816.00
[2024-12-07 18:45:03,455][__main__][INFO] - Epoch 1840: f_diff = 595264.00 , f_tgt = 586757824.00, f_syn = 586162560.00
[2024-12-07 18:45:09,231][__main__][INFO] - Epoch 1860: f_diff = 275712.00 , f_tgt = 587412480.00, f_syn = 587136768.00
[2024-12-07 18:45:15,068][__main__][INFO] - Epoch 1880: f_diff = 279872.00 , f_tgt = 587675456.00, f_syn = 587395584.00
[2024-12-07 18:45:20,943][__main__][INFO] - Epoch 1900: f_diff = 242368.00 , f_tgt = 587988864.00, f_syn = 587746496.00
[2024-12-07 18:45:26,769][__main__][INFO] - Epoch 1920: f_diff = 257984.00 , f_tgt = 588261120.00, f_syn = 588003136.00
[2024-12-07 18:45:32,677][__main__][INFO] - Epoch 1940: f_diff = 591488.00 , f_tgt = 588081664.00, f_syn = 587490176.00
[2024-12-07 18:45:38,433][__main__][INFO] - Epoch 1960: f_diff = 255552.00 , f_tgt = 588611008.00, f_syn = 588355456.00
[2024-12-07 18:45:44,290][__main__][INFO] - Epoch 1980: f_diff = 400320.00 , f_tgt = 588579840.00, f_syn = 588179520.00
[2024-12-07 18:45:50,214][__main__][INFO] - Epoch 2000: f_diff = 418688.00 , f_tgt = 588612480.00, f_syn = 588193792.00
[2024-12-08 16:42:49,792][__main__][INFO] - Epoch 20  : f_diff = 297700896.00000, f_tgt = 359614656.00000, f_syn = 61913764.00000
[2024-12-08 16:42:54,694][__main__][INFO] - Epoch 40  : f_diff = 3952113.50000, f_tgt = 4070963.75000, f_syn = 118850.26562
[2024-12-08 16:42:59,619][__main__][INFO] - Epoch 60  : f_diff = 36924696.00000, f_tgt = 134331152.00000, f_syn = 97406456.00000
[2024-12-08 16:43:04,568][__main__][INFO] - Epoch 80  : f_diff = 70799808.00000, f_tgt = 381161088.00000, f_syn = 310361280.00000
[2024-12-08 16:43:09,538][__main__][INFO] - Epoch 100 : f_diff = 45126736.00000, f_tgt = 279927424.00000, f_syn = 234800688.00000
[2024-12-08 16:43:14,544][__main__][INFO] - Epoch 120 : f_diff = 12051456.00000, f_tgt = 510208352.00000, f_syn = 498156896.00000
[2024-12-08 16:43:19,569][__main__][INFO] - Epoch 140 : f_diff = 7997984.00000, f_tgt = 537589312.00000, f_syn = 529591328.00000
[2024-12-08 16:43:24,605][__main__][INFO] - Epoch 160 : f_diff = 19035924.00000, f_tgt = 65460532.00000, f_syn = 46424608.00000
[2024-12-08 16:43:29,649][__main__][INFO] - Epoch 180 : f_diff = 30949344.00000, f_tgt = 267310912.00000, f_syn = 236361568.00000
[2024-12-08 16:43:34,697][__main__][INFO] - Epoch 200 : f_diff = -4142080.00000, f_tgt = 428899520.00000, f_syn = 433041600.00000
[2024-12-08 16:43:39,844][__main__][INFO] - Epoch 220 : f_diff = 23623744.00000, f_tgt = 462564640.00000, f_syn = 438940896.00000
[2024-12-08 16:43:44,923][__main__][INFO] - Epoch 240 : f_diff = 16270400.00000, f_tgt = 479094528.00000, f_syn = 462824128.00000
[2024-12-08 16:43:50,051][__main__][INFO] - Epoch 260 : f_diff = 23407648.00000, f_tgt = 505114912.00000, f_syn = 481707264.00000
[2024-12-08 16:43:55,168][__main__][INFO] - Epoch 280 : f_diff = 11363232.00000, f_tgt = 521848384.00000, f_syn = 510485152.00000
[2024-12-08 16:44:00,274][__main__][INFO] - Epoch 300 : f_diff = 4734912.00000, f_tgt = 547222400.00000, f_syn = 542487488.00000
[2024-12-08 16:44:05,416][__main__][INFO] - Epoch 320 : f_diff = 6386880.00000, f_tgt = 540429568.00000, f_syn = 534042688.00000
[2024-12-08 16:44:10,542][__main__][INFO] - Epoch 340 : f_diff = 1699328.00000, f_tgt = 555051648.00000, f_syn = 553352320.00000
[2024-12-08 16:44:15,654][__main__][INFO] - Epoch 360 : f_diff = 6943360.00000, f_tgt = 530159424.00000, f_syn = 523216064.00000
[2024-12-08 16:44:20,833][__main__][INFO] - Epoch 380 : f_diff = 4061120.00000, f_tgt = 554606784.00000, f_syn = 550545664.00000
[2024-12-08 16:44:25,971][__main__][INFO] - Epoch 400 : f_diff = 1947008.00000, f_tgt = 562926464.00000, f_syn = 560979456.00000
[2024-12-08 16:44:31,146][__main__][INFO] - Epoch 420 : f_diff = 1848576.00000, f_tgt = 566521472.00000, f_syn = 564672896.00000
[2024-12-08 16:44:36,282][__main__][INFO] - Epoch 440 : f_diff = 1322240.00000, f_tgt = 569161472.00000, f_syn = 567839232.00000
[2024-12-08 16:44:41,468][__main__][INFO] - Epoch 460 : f_diff = 1032960.00000, f_tgt = 570818560.00000, f_syn = 569785600.00000
[2024-12-08 16:44:46,612][__main__][INFO] - Epoch 480 : f_diff = 847616.00000, f_tgt = 572380928.00000, f_syn = 571533312.00000
[2024-12-08 16:44:51,816][__main__][INFO] - Epoch 500 : f_diff = 142528.00000, f_tgt = 574084928.00000, f_syn = 573942400.00000
[2024-12-08 16:44:57,003][__main__][INFO] - Epoch 520 : f_diff = 74847376.00000, f_tgt = 132622192.00000, f_syn = 57774816.00000
[2024-12-08 16:45:02,138][__main__][INFO] - Epoch 540 : f_diff = 27996256.00000, f_tgt = 499112576.00000, f_syn = 471116320.00000
[2024-12-08 16:45:07,334][__main__][INFO] - Epoch 560 : f_diff = 6991936.00000, f_tgt = 551571328.00000, f_syn = 544579392.00000
[2024-12-08 16:45:12,514][__main__][INFO] - Epoch 580 : f_diff = 3872256.00000, f_tgt = 564399616.00000, f_syn = 560527360.00000
[2024-12-08 16:45:17,647][__main__][INFO] - Epoch 600 : f_diff = 2099968.00000, f_tgt = 570419712.00000, f_syn = 568319744.00000
[2024-12-08 16:45:22,838][__main__][INFO] - Epoch 620 : f_diff = 1871104.00000, f_tgt = 573620736.00000, f_syn = 571749632.00000
[2024-12-08 16:45:28,047][__main__][INFO] - Epoch 640 : f_diff = 1502720.00000, f_tgt = 575980416.00000, f_syn = 574477696.00000
[2024-12-08 16:45:33,306][__main__][INFO] - Epoch 660 : f_diff = 879744.00000, f_tgt = 577553408.00000, f_syn = 576673664.00000
[2024-12-08 16:45:38,494][__main__][INFO] - Epoch 680 : f_diff = 782528.00000, f_tgt = 578297280.00000, f_syn = 577514752.00000
[2024-12-08 16:45:43,633][__main__][INFO] - Epoch 700 : f_diff = 798976.00000, f_tgt = 578806528.00000, f_syn = 578007552.00000
[2024-12-08 16:45:48,864][__main__][INFO] - Epoch 720 : f_diff = 699136.00000, f_tgt = 579279360.00000, f_syn = 578580224.00000
[2024-12-08 16:45:54,044][__main__][INFO] - Epoch 740 : f_diff = 872640.00000, f_tgt = 579408448.00000, f_syn = 578535808.00000
[2024-12-08 16:45:59,281][__main__][INFO] - Epoch 760 : f_diff = 664512.00000, f_tgt = 579920768.00000, f_syn = 579256256.00000
[2024-12-08 16:46:04,616][__main__][INFO] - Epoch 780 : f_diff = 411904.00000, f_tgt = 580435712.00000, f_syn = 580023808.00000
[2024-12-08 16:46:10,007][__main__][INFO] - Epoch 800 : f_diff = 491328.00000, f_tgt = 580606080.00000, f_syn = 580114752.00000
[2024-12-08 16:46:15,371][__main__][INFO] - Epoch 820 : f_diff = 404352.00000, f_tgt = 581081216.00000, f_syn = 580676864.00000
[2024-12-08 16:46:20,840][__main__][INFO] - Epoch 840 : f_diff = 403840.00000, f_tgt = 581250432.00000, f_syn = 580846592.00000
[2024-12-08 16:46:26,309][__main__][INFO] - Epoch 860 : f_diff = 553344.00000, f_tgt = 581199424.00000, f_syn = 580646080.00000
[2024-12-08 16:46:31,611][__main__][INFO] - Epoch 880 : f_diff = 168576.00000, f_tgt = 581886656.00000, f_syn = 581718080.00000
[2024-12-08 16:46:37,075][__main__][INFO] - Epoch 900 : f_diff = 751296.00000, f_tgt = 581670400.00000, f_syn = 580919104.00000
[2024-12-08 16:46:42,435][__main__][INFO] - Epoch 920 : f_diff = 711424.00000, f_tgt = 582120192.00000, f_syn = 581408768.00000
[2024-12-08 16:46:47,700][__main__][INFO] - Epoch 940 : f_diff = -237734272.00000, f_tgt = 577418496.00000, f_syn = 815152768.00000
[2024-12-08 16:46:53,243][__main__][INFO] - Epoch 960 : f_diff = 75438800.00000, f_tgt = 210004544.00000, f_syn = 134565744.00000
[2024-12-08 16:46:58,589][__main__][INFO] - Epoch 980 : f_diff = 11979328.00000, f_tgt = 526462688.00000, f_syn = 514483360.00000
[2024-12-08 16:47:03,898][__main__][INFO] - Epoch 1000: f_diff = 5121408.00000, f_tgt = 555125376.00000, f_syn = 550003968.00000
[2024-12-08 16:47:09,340][__main__][INFO] - Epoch 1020: f_diff = 107408248.00000, f_tgt = 149594864.00000, f_syn = 42186616.00000
[2024-12-08 16:47:14,638][__main__][INFO] - Epoch 1040: f_diff = 7861184.00000, f_tgt = 546582528.00000, f_syn = 538721344.00000
[2024-12-08 16:47:20,013][__main__][INFO] - Epoch 1060: f_diff = 2499584.00000, f_tgt = 566087552.00000, f_syn = 563587968.00000
[2024-12-08 16:47:25,375][__main__][INFO] - Epoch 1080: f_diff = 1170304.00000, f_tgt = 572094720.00000, f_syn = 570924416.00000
[2024-12-08 16:47:30,703][__main__][INFO] - Epoch 1100: f_diff = 1163456.00000, f_tgt = 574865152.00000, f_syn = 573701696.00000
[2024-12-08 16:47:36,082][__main__][INFO] - Epoch 1120: f_diff = 611904.00000, f_tgt = 577423872.00000, f_syn = 576811968.00000
[2024-12-08 16:47:41,403][__main__][INFO] - Epoch 1140: f_diff = 565312.00000, f_tgt = 578841856.00000, f_syn = 578276544.00000
[2024-12-08 16:47:46,643][__main__][INFO] - Epoch 1160: f_diff = 685952.00000, f_tgt = 580167616.00000, f_syn = 579481664.00000
[2024-12-08 16:47:51,962][__main__][INFO] - Epoch 1180: f_diff = 568640.00000, f_tgt = 581556608.00000, f_syn = 580987968.00000
[2024-12-08 16:47:57,350][__main__][INFO] - Epoch 1200: f_diff = 720256.00000, f_tgt = 582062848.00000, f_syn = 581342592.00000
[2024-12-08 16:48:02,616][__main__][INFO] - Epoch 1220: f_diff = 584896.00000, f_tgt = 582789248.00000, f_syn = 582204352.00000
[2024-12-08 16:48:07,902][__main__][INFO] - Epoch 1240: f_diff = 586496.00000, f_tgt = 583150016.00000, f_syn = 582563520.00000
[2024-12-08 16:48:13,215][__main__][INFO] - Epoch 1260: f_diff = 810496.00000, f_tgt = 583156544.00000, f_syn = 582346048.00000
[2024-12-08 16:48:18,626][__main__][INFO] - Epoch 1280: f_diff = 724672.00000, f_tgt = 583671104.00000, f_syn = 582946432.00000
[2024-12-08 16:48:24,124][__main__][INFO] - Epoch 1300: f_diff = 607360.00000, f_tgt = 583988672.00000, f_syn = 583381312.00000
[2024-12-08 16:48:29,578][__main__][INFO] - Epoch 1320: f_diff = 509632.00000, f_tgt = 584378880.00000, f_syn = 583869248.00000
[2024-12-08 16:48:35,006][__main__][INFO] - Epoch 1340: f_diff = 689664.00000, f_tgt = 584350208.00000, f_syn = 583660544.00000
[2024-12-08 16:48:40,460][__main__][INFO] - Epoch 1360: f_diff = 598016.00000, f_tgt = 584452736.00000, f_syn = 583854720.00000
[2024-12-08 16:48:45,872][__main__][INFO] - Epoch 1380: f_diff = 179136.00000, f_tgt = 584947584.00000, f_syn = 584768448.00000
[2024-12-08 16:48:51,227][__main__][INFO] - Epoch 1400: f_diff = 796544.00000, f_tgt = 584552832.00000, f_syn = 583756288.00000
[2024-12-08 16:48:56,572][__main__][INFO] - Epoch 1420: f_diff = 164992.00000, f_tgt = 585406976.00000, f_syn = 585241984.00000
[2024-12-08 16:49:01,917][__main__][INFO] - Epoch 1440: f_diff = 424960.00000, f_tgt = 585304576.00000, f_syn = 584879616.00000
[2024-12-08 16:49:07,221][__main__][INFO] - Epoch 1460: f_diff = 128192.00000, f_tgt = 585941952.00000, f_syn = 585813760.00000
[2024-12-08 16:49:12,519][__main__][INFO] - Epoch 1480: f_diff = 553088.00000, f_tgt = 585641472.00000, f_syn = 585088384.00000
[2024-12-08 16:49:17,757][__main__][INFO] - Epoch 1500: f_diff = 414464.00000, f_tgt = 585952640.00000, f_syn = 585538176.00000
[2024-12-08 16:49:23,150][__main__][INFO] - Epoch 1520: f_diff = 580544.00000, f_tgt = 586024896.00000, f_syn = 585444352.00000
[2024-12-08 16:49:28,444][__main__][INFO] - Epoch 1540: f_diff = 66368.00000, f_tgt = 586683264.00000, f_syn = 586616896.00000
[2024-12-08 16:49:33,872][__main__][INFO] - Epoch 1560: f_diff = 488576.00000, f_tgt = 586553472.00000, f_syn = 586064896.00000
[2024-12-08 16:49:39,180][__main__][INFO] - Epoch 1580: f_diff = 689920.00000, f_tgt = 586503936.00000, f_syn = 585814016.00000
[2024-12-08 16:49:44,463][__main__][INFO] - Epoch 1600: f_diff = 631232.00000, f_tgt = 586716480.00000, f_syn = 586085248.00000
[2024-12-08 16:49:49,788][__main__][INFO] - Epoch 1620: f_diff = 586176.00000, f_tgt = 586955136.00000, f_syn = 586368960.00000
[2024-12-08 16:49:55,097][__main__][INFO] - Epoch 1640: f_diff = 384064.00000, f_tgt = 587429824.00000, f_syn = 587045760.00000
[2024-12-08 16:50:00,417][__main__][INFO] - Epoch 1660: f_diff = 276992.00000, f_tgt = 587561856.00000, f_syn = 587284864.00000
[2024-12-08 16:50:05,714][__main__][INFO] - Epoch 1680: f_diff = 308608.00000, f_tgt = 587629184.00000, f_syn = 587320576.00000
[2024-12-08 16:50:11,087][__main__][INFO] - Epoch 1700: f_diff = 473408.00000, f_tgt = 587670144.00000, f_syn = 587196736.00000
[2024-12-08 16:50:16,394][__main__][INFO] - Epoch 1720: f_diff = 124032.00000, f_tgt = 588066112.00000, f_syn = 587942080.00000
[2024-12-08 16:50:21,699][__main__][INFO] - Epoch 1740: f_diff = 591488.00000, f_tgt = 587817472.00000, f_syn = 587225984.00000
[2024-12-08 16:50:27,029][__main__][INFO] - Epoch 1760: f_diff = 143232.00000, f_tgt = 588322880.00000, f_syn = 588179648.00000
[2024-12-08 16:50:32,299][__main__][INFO] - Epoch 1780: f_diff = 611648.00000, f_tgt = 588056128.00000, f_syn = 587444480.00000
[2024-12-08 16:50:37,608][__main__][INFO] - Epoch 1800: f_diff = 444480.00000, f_tgt = 588247808.00000, f_syn = 587803328.00000
[2024-12-08 16:50:42,929][__main__][INFO] - Epoch 1820: f_diff = 512704.00000, f_tgt = 588335168.00000, f_syn = 587822464.00000
[2024-12-08 16:50:48,192][__main__][INFO] - Epoch 1840: f_diff = 645504.00000, f_tgt = 588249728.00000, f_syn = 587604224.00000
[2024-12-08 16:50:53,472][__main__][INFO] - Epoch 1860: f_diff = 376960.00000, f_tgt = 588691200.00000, f_syn = 588314240.00000
[2024-12-08 16:50:58,797][__main__][INFO] - Epoch 1880: f_diff = 400128.00000, f_tgt = 588923136.00000, f_syn = 588523008.00000
[2024-12-08 16:51:04,138][__main__][INFO] - Epoch 1900: f_diff = 86208.00000, f_tgt = 589189376.00000, f_syn = 589103168.00000
[2024-12-08 16:51:09,495][__main__][INFO] - Epoch 1920: f_diff = 514560.00000, f_tgt = 588905472.00000, f_syn = 588390912.00000
[2024-12-08 16:51:14,725][__main__][INFO] - Epoch 1940: f_diff = 196032.00000, f_tgt = 589314624.00000, f_syn = 589118592.00000
[2024-12-08 16:51:20,071][__main__][INFO] - Epoch 1960: f_diff = 423936.00000, f_tgt = 589241216.00000, f_syn = 588817280.00000
[2024-12-08 16:51:25,346][__main__][INFO] - Epoch 1980: f_diff = 130688.00000, f_tgt = 589625600.00000, f_syn = 589494912.00000
[2024-12-08 16:51:30,696][__main__][INFO] - Epoch 2000: f_diff = 454336.00000, f_tgt = 589428800.00000, f_syn = 588974464.00000
