[2024-12-08 16:22:46,503][__main__][INFO] - Epoch 20  : f_diff = 111119808.00000, f_tgt = 424549632.00000, f_syn = 313429824.00000
[2024-12-08 16:22:51,302][__main__][INFO] - Epoch 40  : f_diff = 41243008.00000, f_tgt = 576232512.00000, f_syn = 534989504.00000
[2024-12-08 16:22:56,150][__main__][INFO] - Epoch 60  : f_diff = 25261696.00000, f_tgt = 613715968.00000, f_syn = 588454272.00000
[2024-12-08 16:23:00,957][__main__][INFO] - Epoch 80  : f_diff = 19053824.00000, f_tgt = 632055936.00000, f_syn = 613002112.00000
[2024-12-08 16:23:05,829][__main__][INFO] - Epoch 100 : f_diff = 13790272.00000, f_tgt = 644992000.00000, f_syn = 631201728.00000
[2024-12-08 16:23:10,521][__main__][INFO] - Epoch 120 : f_diff = 10387264.00000, f_tgt = 653595712.00000, f_syn = 643208448.00000
[2024-12-08 16:23:15,281][__main__][INFO] - Epoch 140 : f_diff = 7074368.00000, f_tgt = 659998400.00000, f_syn = 652924032.00000
[2024-12-08 16:23:20,216][__main__][INFO] - Epoch 160 : f_diff = 5208064.00000, f_tgt = 664185408.00000, f_syn = 658977344.00000
[2024-12-08 16:23:24,962][__main__][INFO] - Epoch 180 : f_diff = 52641.25781, f_tgt = 53055.12109, f_syn = 413.86499 
[2024-12-08 16:23:29,791][__main__][INFO] - Epoch 200 : f_diff = -2025828.00000, f_tgt = 28305940.00000, f_syn = 30331768.00000
[2024-12-08 16:23:34,806][__main__][INFO] - Epoch 220 : f_diff = 4648272.00000, f_tgt = 32665520.00000, f_syn = 28017248.00000
[2024-12-08 16:23:39,831][__main__][INFO] - Epoch 240 : f_diff = 11853240.00000, f_tgt = 38479672.00000, f_syn = 26626432.00000
[2024-12-08 16:23:44,673][__main__][INFO] - Epoch 260 : f_diff = 18330308.00000, f_tgt = 45403864.00000, f_syn = 27073556.00000
[2024-12-08 16:23:49,493][__main__][INFO] - Epoch 280 : f_diff = 27056584.00000, f_tgt = 56053312.00000, f_syn = 28996728.00000
[2024-12-08 16:23:54,494][__main__][INFO] - Epoch 300 : f_diff = 29183600.00000, f_tgt = 76962584.00000, f_syn = 47778984.00000
[2024-12-08 16:23:59,316][__main__][INFO] - Epoch 320 : f_diff = 35967408.00000, f_tgt = 97073312.00000, f_syn = 61105904.00000
[2024-12-08 16:24:04,117][__main__][INFO] - Epoch 340 : f_diff = 39808880.00000, f_tgt = 124399792.00000, f_syn = 84590912.00000
[2024-12-08 16:24:08,917][__main__][INFO] - Epoch 360 : f_diff = 37608184.00000, f_tgt = 156914944.00000, f_syn = 119306760.00000
[2024-12-08 16:24:13,805][__main__][INFO] - Epoch 380 : f_diff = 34838816.00000, f_tgt = 190936576.00000, f_syn = 156097760.00000
[2024-12-08 16:24:18,663][__main__][INFO] - Epoch 400 : f_diff = 40525040.00000, f_tgt = 228323696.00000, f_syn = 187798656.00000
[2024-12-08 16:24:23,682][__main__][INFO] - Epoch 420 : f_diff = 64015840.00000, f_tgt = 286692736.00000, f_syn = 222676896.00000
[2024-12-08 16:24:28,524][__main__][INFO] - Epoch 440 : f_diff = 50554624.00000, f_tgt = 333490816.00000, f_syn = 282936192.00000
[2024-12-08 16:24:33,350][__main__][INFO] - Epoch 460 : f_diff = 47928704.00000, f_tgt = 372912768.00000, f_syn = 324984064.00000
[2024-12-08 16:24:38,179][__main__][INFO] - Epoch 480 : f_diff = 49244160.00000, f_tgt = 402640704.00000, f_syn = 353396544.00000
[2024-12-08 16:24:43,119][__main__][INFO] - Epoch 500 : f_diff = 32282496.00000, f_tgt = 429933984.00000, f_syn = 397651488.00000
[2024-12-08 16:24:48,194][__main__][INFO] - Epoch 520 : f_diff = 16158592.00000, f_tgt = 452825632.00000, f_syn = 436667040.00000
[2024-12-08 16:24:53,311][__main__][INFO] - Epoch 540 : f_diff = 12651520.00000, f_tgt = 464502592.00000, f_syn = 451851072.00000
[2024-12-08 16:24:58,337][__main__][INFO] - Epoch 560 : f_diff = 12634560.00000, f_tgt = 472115136.00000, f_syn = 459480576.00000
[2024-12-08 16:25:03,254][__main__][INFO] - Epoch 580 : f_diff = 13597920.00000, f_tgt = 478124416.00000, f_syn = 464526496.00000
[2024-12-08 16:25:08,147][__main__][INFO] - Epoch 600 : f_diff = 16056608.00000, f_tgt = 483346368.00000, f_syn = 467289760.00000
[2024-12-08 16:25:13,114][__main__][INFO] - Epoch 620 : f_diff = 18447328.00000, f_tgt = 488849824.00000, f_syn = 470402496.00000
[2024-12-08 16:25:18,138][__main__][INFO] - Epoch 640 : f_diff = 19411264.00000, f_tgt = 494655104.00000, f_syn = 475243840.00000
[2024-12-08 16:25:23,172][__main__][INFO] - Epoch 660 : f_diff = 19462048.00000, f_tgt = 500994688.00000, f_syn = 481532640.00000
[2024-12-08 16:25:28,039][__main__][INFO] - Epoch 680 : f_diff = 19938560.00000, f_tgt = 506897216.00000, f_syn = 486958656.00000
[2024-12-08 16:25:32,928][__main__][INFO] - Epoch 700 : f_diff = 20360256.00000, f_tgt = 512904320.00000, f_syn = 492544064.00000
[2024-12-08 16:25:37,817][__main__][INFO] - Epoch 720 : f_diff = 20561568.00000, f_tgt = 518260288.00000, f_syn = 497698720.00000
[2024-12-08 16:25:42,715][__main__][INFO] - Epoch 740 : f_diff = 17659552.00000, f_tgt = 523853920.00000, f_syn = 506194368.00000
[2024-12-08 16:25:47,714][__main__][INFO] - Epoch 760 : f_diff = 14589184.00000, f_tgt = 528858688.00000, f_syn = 514269504.00000
[2024-12-08 16:25:52,725][__main__][INFO] - Epoch 780 : f_diff = 14202912.00000, f_tgt = 532891840.00000, f_syn = 518688928.00000
[2024-12-08 16:25:57,640][__main__][INFO] - Epoch 800 : f_diff = 13192832.00000, f_tgt = 537387520.00000, f_syn = 524194688.00000
[2024-12-08 16:26:02,586][__main__][INFO] - Epoch 820 : f_diff = 11612032.00000, f_tgt = 541815040.00000, f_syn = 530203008.00000
[2024-12-08 16:26:07,481][__main__][INFO] - Epoch 840 : f_diff = 11818752.00000, f_tgt = 544994944.00000, f_syn = 533176192.00000
[2024-12-08 16:26:12,459][__main__][INFO] - Epoch 860 : f_diff = 11874304.00000, f_tgt = 548301056.00000, f_syn = 536426752.00000
[2024-12-08 16:26:17,519][__main__][INFO] - Epoch 880 : f_diff = 11323200.00000, f_tgt = 551603840.00000, f_syn = 540280640.00000
[2024-12-08 16:26:22,631][__main__][INFO] - Epoch 900 : f_diff = 11535552.00000, f_tgt = 554452416.00000, f_syn = 542916864.00000
[2024-12-08 16:26:27,743][__main__][INFO] - Epoch 920 : f_diff = 12171328.00000, f_tgt = 557109120.00000, f_syn = 544937792.00000
[2024-12-08 16:26:32,876][__main__][INFO] - Epoch 940 : f_diff = 13408320.00000, f_tgt = 559360064.00000, f_syn = 545951744.00000
[2024-12-08 16:26:38,007][__main__][INFO] - Epoch 960 : f_diff = 14325952.00000, f_tgt = 561620160.00000, f_syn = 547294208.00000
[2024-12-08 16:26:42,988][__main__][INFO] - Epoch 980 : f_diff = 14801664.00000, f_tgt = 564198144.00000, f_syn = 549396480.00000
[2024-12-08 16:26:48,071][__main__][INFO] - Epoch 1000: f_diff = 15345024.00000, f_tgt = 566457088.00000, f_syn = 551112064.00000
[2024-12-08 16:26:53,098][__main__][INFO] - Epoch 1020: f_diff = 15207168.00000, f_tgt = 569368192.00000, f_syn = 554161024.00000
[2024-12-08 16:26:58,026][__main__][INFO] - Epoch 1040: f_diff = 14948288.00000, f_tgt = 572062016.00000, f_syn = 557113728.00000
[2024-12-08 16:27:03,063][__main__][INFO] - Epoch 1060: f_diff = 14471552.00000, f_tgt = 574611072.00000, f_syn = 560139520.00000
[2024-12-08 16:27:07,982][__main__][INFO] - Epoch 1080: f_diff = 13846720.00000, f_tgt = 576912896.00000, f_syn = 563066176.00000
[2024-12-08 16:27:12,913][__main__][INFO] - Epoch 1100: f_diff = 12787648.00000, f_tgt = 578943936.00000, f_syn = 566156288.00000
[2024-12-08 16:27:17,800][__main__][INFO] - Epoch 1120: f_diff = 11295616.00000, f_tgt = 581175360.00000, f_syn = 569879744.00000
[2024-12-08 16:27:22,774][__main__][INFO] - Epoch 1140: f_diff = 10625088.00000, f_tgt = 583159552.00000, f_syn = 572534464.00000
[2024-12-08 16:27:27,816][__main__][INFO] - Epoch 1160: f_diff = 10169664.00000, f_tgt = 584924032.00000, f_syn = 574754368.00000
[2024-12-08 16:27:32,997][__main__][INFO] - Epoch 1180: f_diff = 10295360.00000, f_tgt = 586230784.00000, f_syn = 575935424.00000
[2024-12-08 16:27:38,069][__main__][INFO] - Epoch 1200: f_diff = 10115008.00000, f_tgt = 587923776.00000, f_syn = 577808768.00000
[2024-12-08 16:27:43,120][__main__][INFO] - Epoch 1220: f_diff = 9965376.00000, f_tgt = 589467008.00000, f_syn = 579501632.00000
[2024-12-08 16:27:48,190][__main__][INFO] - Epoch 1240: f_diff = 9752576.00000, f_tgt = 591099904.00000, f_syn = 581347328.00000
[2024-12-08 16:27:53,212][__main__][INFO] - Epoch 1260: f_diff = 9135744.00000, f_tgt = 593210112.00000, f_syn = 584074368.00000
[2024-12-08 16:27:58,230][__main__][INFO] - Epoch 1280: f_diff = 9187136.00000, f_tgt = 594603840.00000, f_syn = 585416704.00000
[2024-12-08 16:28:03,243][__main__][INFO] - Epoch 1300: f_diff = 9113984.00000, f_tgt = 595988224.00000, f_syn = 586874240.00000
[2024-12-08 16:28:08,249][__main__][INFO] - Epoch 1320: f_diff = 9463296.00000, f_tgt = 597037824.00000, f_syn = 587574528.00000
[2024-12-08 16:28:13,154][__main__][INFO] - Epoch 1340: f_diff = 9639680.00000, f_tgt = 598294912.00000, f_syn = 588655232.00000
[2024-12-08 16:28:18,132][__main__][INFO] - Epoch 1360: f_diff = 9538176.00000, f_tgt = 599770624.00000, f_syn = 590232448.00000
[2024-12-08 16:28:23,078][__main__][INFO] - Epoch 1380: f_diff = 9092736.00000, f_tgt = 601431936.00000, f_syn = 592339200.00000
[2024-12-08 16:28:28,036][__main__][INFO] - Epoch 1400: f_diff = 8892160.00000, f_tgt = 602884736.00000, f_syn = 593992576.00000
[2024-12-08 16:28:33,019][__main__][INFO] - Epoch 1420: f_diff = 9160704.00000, f_tgt = 603756416.00000, f_syn = 594595712.00000
[2024-12-08 16:28:37,953][__main__][INFO] - Epoch 1440: f_diff = 9101632.00000, f_tgt = 604736768.00000, f_syn = 595635136.00000
[2024-12-08 16:28:42,947][__main__][INFO] - Epoch 1460: f_diff = 8952896.00000, f_tgt = 605853376.00000, f_syn = 596900480.00000
[2024-12-08 16:28:47,879][__main__][INFO] - Epoch 1480: f_diff = 9153152.00000, f_tgt = 606754432.00000, f_syn = 597601280.00000
[2024-12-08 16:28:52,889][__main__][INFO] - Epoch 1500: f_diff = 8667200.00000, f_tgt = 608040640.00000, f_syn = 599373440.00000
[2024-12-08 16:28:57,870][__main__][INFO] - Epoch 1520: f_diff = 8394752.00000, f_tgt = 609091328.00000, f_syn = 600696576.00000
[2024-12-08 16:29:02,774][__main__][INFO] - Epoch 1540: f_diff = 8135168.00000, f_tgt = 610168832.00000, f_syn = 602033664.00000
[2024-12-08 16:29:07,748][__main__][INFO] - Epoch 1560: f_diff = 8257024.00000, f_tgt = 610924288.00000, f_syn = 602667264.00000
[2024-12-08 16:29:12,708][__main__][INFO] - Epoch 1580: f_diff = 8042624.00000, f_tgt = 611869952.00000, f_syn = 603827328.00000
[2024-12-08 16:29:17,672][__main__][INFO] - Epoch 1600: f_diff = 8030848.00000, f_tgt = 612680448.00000, f_syn = 604649600.00000
[2024-12-08 16:29:22,762][__main__][INFO] - Epoch 1620: f_diff = 7796736.00000, f_tgt = 613592192.00000, f_syn = 605795456.00000
[2024-12-08 16:29:27,723][__main__][INFO] - Epoch 1640: f_diff = 7436480.00000, f_tgt = 614592832.00000, f_syn = 607156352.00000
[2024-12-08 16:29:32,697][__main__][INFO] - Epoch 1660: f_diff = 7455424.00000, f_tgt = 615401664.00000, f_syn = 607946240.00000
[2024-12-08 16:29:37,647][__main__][INFO] - Epoch 1680: f_diff = 7664384.00000, f_tgt = 615913728.00000, f_syn = 608249344.00000
[2024-12-08 16:29:42,634][__main__][INFO] - Epoch 1700: f_diff = 7815808.00000, f_tgt = 616508928.00000, f_syn = 608693120.00000
[2024-12-08 16:29:47,629][__main__][INFO] - Epoch 1720: f_diff = 7723904.00000, f_tgt = 617204032.00000, f_syn = 609480128.00000
[2024-12-08 16:29:52,622][__main__][INFO] - Epoch 1740: f_diff = 7343360.00000, f_tgt = 618005760.00000, f_syn = 610662400.00000
[2024-12-08 16:29:57,742][__main__][INFO] - Epoch 1760: f_diff = 7484480.00000, f_tgt = 618499008.00000, f_syn = 611014528.00000
[2024-12-08 16:30:02,855][__main__][INFO] - Epoch 1780: f_diff = 7679104.00000, f_tgt = 618891584.00000, f_syn = 611212480.00000
[2024-12-08 16:30:08,008][__main__][INFO] - Epoch 1800: f_diff = 7775872.00000, f_tgt = 619305216.00000, f_syn = 611529344.00000
[2024-12-08 16:30:13,119][__main__][INFO] - Epoch 1820: f_diff = 7241984.00000, f_tgt = 620302464.00000, f_syn = 613060480.00000
[2024-12-08 16:30:18,254][__main__][INFO] - Epoch 1840: f_diff = 7231424.00000, f_tgt = 620814656.00000, f_syn = 613583232.00000
[2024-12-08 16:30:23,474][__main__][INFO] - Epoch 1860: f_diff = 7250240.00000, f_tgt = 621381440.00000, f_syn = 614131200.00000
[2024-12-08 16:30:28,481][__main__][INFO] - Epoch 1880: f_diff = 6998080.00000, f_tgt = 621867840.00000, f_syn = 614869760.00000
[2024-12-08 16:30:33,374][__main__][INFO] - Epoch 1900: f_diff = 6745088.00000, f_tgt = 622612480.00000, f_syn = 615867392.00000
[2024-12-08 16:30:38,268][__main__][INFO] - Epoch 1920: f_diff = 6419328.00000, f_tgt = 623250560.00000, f_syn = 616831232.00000
[2024-12-08 16:30:43,246][__main__][INFO] - Epoch 1940: f_diff = 6303232.00000, f_tgt = 623876800.00000, f_syn = 617573568.00000
[2024-12-08 16:30:48,308][__main__][INFO] - Epoch 1960: f_diff = 5871488.00000, f_tgt = 624645376.00000, f_syn = 618773888.00000
[2024-12-08 16:30:53,361][__main__][INFO] - Epoch 1980: f_diff = 6156800.00000, f_tgt = 624889344.00000, f_syn = 618732544.00000
[2024-12-08 16:30:58,478][__main__][INFO] - Epoch 2000: f_diff = 6121984.00000, f_tgt = 625405056.00000, f_syn = 619283072.00000
