[2024-12-25 16:54:27,424][__main__][INFO] - Namespace(beta1=0.5, beta2=0.999, gamma=0.996, img_size=128, langevin_num_steps=120, langevin_step_size=0.05, lr=0.0004, mse_sigma=1, n_epochs=2000, n_log=100, n_plot=200, n_stats=100, ninterp=12, nz=2, prior_sigma=1, seed=1, start='warm')
[2024-12-25 16:55:49,393][__main__][INFO] - Epoch  100: Loss = 0.02, z_mean = [ 0.7508238  -0.37248915], z_std = [4.6225395 4.422652 ]
[2024-12-25 16:56:50,538][__main__][INFO] - Epoch  200: Loss = 0.01, z_mean = [ 0.56839997 -0.5267483 ], z_std = [4.8640776 4.557253 ]
[2024-12-25 16:57:40,909][__main__][INFO] - Epoch  300: Loss = 0.01, z_mean = [ 0.7519388 -0.748174 ], z_std = [5.1732745 4.8881917]
[2024-12-25 16:58:29,867][__main__][INFO] - Epoch  400: Loss = 0.01, z_mean = [ 0.69864607 -0.4181064 ], z_std = [5.123411 4.41799 ]
[2024-12-25 16:59:33,227][__main__][INFO] - Epoch  500: Loss = 0.00, z_mean = [ 0.64928204 -0.23762262], z_std = [4.122034  3.8764105]
[2024-12-25 17:00:42,615][__main__][INFO] - Epoch  600: Loss = 0.00, z_mean = [ 0.77268696 -0.39327168], z_std = [5.074273  4.3481426]
[2024-12-25 17:01:48,045][__main__][INFO] - Epoch  700: Loss = 0.00, z_mean = [ 0.64726037 -0.51372313], z_std = [6.0818963 5.1755786]
[2024-12-25 17:02:39,204][__main__][INFO] - Epoch  800: Loss = 0.00, z_mean = [ 0.8332552 -0.3924317], z_std = [4.225434  3.9087548]
[2024-12-25 17:03:44,446][__main__][INFO] - Epoch  900: Loss = 0.00, z_mean = [ 0.892229   -0.44966158], z_std = [4.5873895 4.2095623]
[2024-12-25 17:04:44,207][__main__][INFO] - Epoch 1000: Loss = 0.00, z_mean = [ 0.67795163 -0.26921347], z_std = [4.407003 4.01549 ]
[2024-12-25 17:05:38,908][__main__][INFO] - Epoch 1100: Loss = 0.00, z_mean = [ 0.78205615 -0.43100318], z_std = [4.682095 3.927099]
[2024-12-25 17:06:32,682][__main__][INFO] - Epoch 1200: Loss = 0.00, z_mean = [ 0.9007194 -0.0632091], z_std = [5.343297 4.939671]
[2024-12-25 17:07:26,887][__main__][INFO] - Epoch 1300: Loss = 0.00, z_mean = [ 0.88082695 -0.4211111 ], z_std = [4.7602086 4.167559 ]
[2024-12-25 17:08:22,676][__main__][INFO] - Epoch 1400: Loss = 0.00, z_mean = [ 0.743828   -0.11152216], z_std = [4.890281  4.6585307]
[2024-12-25 17:09:30,273][__main__][INFO] - Epoch 1500: Loss = 0.00, z_mean = [ 0.86137134 -0.3177828 ], z_std = [4.8454003 4.2357087]
[2024-12-25 17:10:32,714][__main__][INFO] - Epoch 1600: Loss = 0.00, z_mean = [ 0.57964885 -0.21521838], z_std = [4.70731  4.111985]
[2024-12-25 17:11:33,979][__main__][INFO] - Epoch 1700: Loss = 0.00, z_mean = [ 0.66683155 -0.28242928], z_std = [4.271903  3.9678013]
[2024-12-25 17:12:35,337][__main__][INFO] - Epoch 1800: Loss = 0.00, z_mean = [ 0.76578397 -0.31769255], z_std = [4.397372 4.320691]
[2024-12-25 17:13:36,621][__main__][INFO] - Epoch 1900: Loss = 0.00, z_mean = [ 0.7860243 -0.2939267], z_std = [4.881705 4.26503 ]
[2024-12-25 17:14:35,626][__main__][INFO] - Epoch 2000: Loss = 0.00, z_mean = [ 0.85451525 -0.28058806], z_std = [4.6940155 4.060785 ]
